2017-11-06 21:59:35.900+0100 [L: INFO] [O: c.t.s.ThingWorxBootstrapper] [I: ] [U: SuperUser] [S: ] [T: localhost-startStop-1] ========================================
2017-11-06 21:59:35.941+0100 [L: INFO] [O: c.t.s.ThingWorxBootstrapper] [I: ] [U: SuperUser] [S: ] [T: localhost-startStop-1] ThingWorx Version Information
2017-11-06 21:59:35.948+0100 [L: INFO] [O: c.t.s.ThingWorxBootstrapper] [I: ] [U: SuperUser] [S: ] [T: localhost-startStop-1] ========================================
2017-11-06 21:59:35.949+0100 [L: INFO] [O: c.t.s.ThingWorxBootstrapper] [I: ] [U: SuperUser] [S: ] [T: localhost-startStop-1] majorVersion = 8
2017-11-06 21:59:35.954+0100 [L: INFO] [O: c.t.s.ThingWorxBootstrapper] [I: ] [U: SuperUser] [S: ] [T: localhost-startStop-1] minorVersion = 0
2017-11-06 21:59:35.955+0100 [L: INFO] [O: c.t.s.ThingWorxBootstrapper] [I: ] [U: SuperUser] [S: ] [T: localhost-startStop-1] revision = 0
2017-11-06 21:59:35.955+0100 [L: INFO] [O: c.t.s.ThingWorxBootstrapper] [I: ] [U: SuperUser] [S: ] [T: localhost-startStop-1] build = b11
2017-11-06 21:59:35.955+0100 [L: INFO] [O: c.t.s.ThingWorxBootstrapper] [I: ] [U: SuperUser] [S: ] [T: localhost-startStop-1] schemaVersion = 1000
2017-11-06 21:59:35.960+0100 [L: INFO] [O: c.t.s.ThingWorxBootstrapper] [I: ] [U: SuperUser] [S: ] [T: localhost-startStop-1] ========================================
2017-11-06 21:59:35.960+0100 [L: INFO] [O: c.t.s.ThingWorxBootstrapper] [I: ] [U: SuperUser] [S: ] [T: localhost-startStop-1] ========================================
2017-11-06 21:59:35.960+0100 [L: INFO] [O: c.t.s.ThingWorxBootstrapper] [I: ] [U: SuperUser] [S: ] [T: localhost-startStop-1] ThingWorx System Environment Settings
2017-11-06 21:59:35.960+0100 [L: INFO] [O: c.t.s.ThingWorxBootstrapper] [I: ] [U: SuperUser] [S: ] [T: localhost-startStop-1] ========================================
2017-11-06 21:59:35.960+0100 [L: INFO] [O: c.t.s.ThingWorxBootstrapper] [I: ] [U: SuperUser] [S: ] [T: localhost-startStop-1] OS: Windows 10
2017-11-06 21:59:35.960+0100 [L: INFO] [O: c.t.s.ThingWorxBootstrapper] [I: ] [U: SuperUser] [S: ] [T: localhost-startStop-1] OS arch: amd64
2017-11-06 21:59:35.961+0100 [L: INFO] [O: c.t.s.ThingWorxBootstrapper] [I: ] [U: SuperUser] [S: ] [T: localhost-startStop-1] OS version: 10.0
2017-11-06 21:59:35.961+0100 [L: INFO] [O: c.t.s.ThingWorxBootstrapper] [I: ] [U: SuperUser] [S: ] [T: localhost-startStop-1] Total Processors: 4
2017-11-06 21:59:35.968+0100 [L: INFO] [O: c.t.s.ThingWorxBootstrapper] [I: ] [U: SuperUser] [S: ] [T: localhost-startStop-1] Default encoding: UTF-8
2017-11-06 21:59:35.968+0100 [L: INFO] [O: c.t.s.ThingWorxBootstrapper] [I: ] [U: SuperUser] [S: ] [T: localhost-startStop-1] JAVA vendor: Oracle Corporation
2017-11-06 21:59:35.968+0100 [L: INFO] [O: c.t.s.ThingWorxBootstrapper] [I: ] [U: SuperUser] [S: ] [T: localhost-startStop-1] JAVA version: 1.8.0_144
2017-11-06 21:59:35.968+0100 [L: INFO] [O: c.t.s.ThingWorxBootstrapper] [I: ] [U: SuperUser] [S: ] [T: localhost-startStop-1] JAVA install location: C:\Program Files\Java\jre1.8.0_144
2017-11-06 21:59:35.968+0100 [L: INFO] [O: c.t.s.ThingWorxBootstrapper] [I: ] [U: SuperUser] [S: ] [T: localhost-startStop-1] JVM Max Memory: 2024 (MB)
2017-11-06 21:59:35.968+0100 [L: INFO] [O: c.t.s.ThingWorxBootstrapper] [I: ] [U: SuperUser] [S: ] [T: localhost-startStop-1] ========================================
2017-11-06 21:59:35.968+0100 [L: INFO] [O: c.t.s.ThingWorxBootstrapper] [I: ] [U: SuperUser] [S: ] [T: localhost-startStop-1] WebApp starting...
2017-11-06 21:59:36.903+0100 [L: INFO] [O: c.t.s.ThingWorxServer] [I: ] [U: SuperUser] [S: ] [T: localhost-startStop-1] HA mode not enabled. Initializing and starting in standalone mode.
2017-11-06 21:59:36.903+0100 [L: INFO] [O: c.t.s.ThingWorxPersistenceHandler] [I: ] [U: SuperUser] [S: ] [T: localhost-startStop-1] Default Persistence Provider Name = ThingworxPersistenceProvider
2017-11-06 21:59:36.903+0100 [L: INFO] [O: c.t.s.ThingWorxPersistenceHandler] [I: ] [U: SuperUser] [S: ] [T: localhost-startStop-1] Default Persistence Provider Package Name = H2PersistenceProviderPackage
2017-11-06 21:59:38.127+0100 [L: INFO] [O: c.t.s.ThingWorxServer] [I: ] [U: SuperUser] [S: ] [T: localhost-startStop-1] Managers...INITIALIZED
2017-11-06 21:59:38.132+0100 [L: INFO] [O: c.t.s.ThingWorxServer] [I: ] [U: SuperUser] [S: ] [T: localhost-startStop-1] Database initialization started...
2017-11-06 21:59:38.258+0100 [L: INFO] [O: c.t.s.ThingWorxServer] [I: ] [U: SuperUser] [S: ] [T: localhost-startStop-1] System ownership locking started...
2017-11-06 21:59:38.259+0100 [L: INFO] [O: c.t.s.ThingWorxServer] [I: ] [U: SuperUser] [S: ] [T: localhost-startStop-1] System ownership locking complete
2017-11-06 21:59:38.404+0100 [L: INFO] [O: c.t.s.ThingWorxServer] [I: ] [U: SuperUser] [S: ] [T: localhost-startStop-1] Database initialization complete
2017-11-06 21:59:38.437+0100 [L: INFO] [O: c.t.s.ThingWorxServer] [I: ] [U: SuperUser] [S: ] [T: localhost-startStop-1] Subscriptions Store initialized.
2017-11-06 21:59:38.445+0100 [L: INFO] [O: c.t.s.ThingWorxServer] [I: ] [U: SuperUser] [S: ] [T: localhost-startStop-1] Initializing Collections...
2017-11-06 21:59:41.145+0100 [L: INFO] [O: c.t.s.s.s.SCIMSubsystem] [I: ] [U: SuperUser] [S: ] [T: ForkJoinPool-31-worker-9] Non-SSO, SCIMSubsystem can be started.
2017-11-06 21:59:41.146+0100 [L: INFO] [O: c.t.s.s.s.SCIMSubsystem] [I: ] [U: SuperUser] [S: ] [T: ForkJoinPool-31-worker-9] Non-SSO, SCIMSubsystem can be started.
2017-11-06 21:59:41.350+0100 [L: INFO] [O: c.t.s.ThingWorxServer] [I: ] [U: SuperUser] [S: ] [T: localhost-startStop-1] Initializing Scheduler Engine...
2017-11-06 21:59:41.354+0100 [L: INFO] [O: c.t.s.ThingWorxServer] [I: ] [U: SuperUser] [S: ] [T: localhost-startStop-1] Initializing Entities...
2017-11-06 21:59:41.355+0100 [L: INFO] [O: c.t.s.m.BaseManager] [I: ] [U: SuperUser] [S: ] [T: localhost-startStop-1] Initializing ModelTags...
2017-11-06 21:59:41.372+0100 [L: INFO] [O: c.t.s.m.BaseManager] [I: ] [U: SuperUser] [S: ] [T: localhost-startStop-1] Initializing DataTags...
2017-11-06 21:59:41.372+0100 [L: INFO] [O: c.t.s.m.BaseManager] [I: ] [U: SuperUser] [S: ] [T: localhost-startStop-1] Initializing Groups...
2017-11-06 21:59:41.381+0100 [L: INFO] [O: c.t.s.m.BaseManager] [I: ] [U: SuperUser] [S: ] [T: localhost-startStop-1] Initializing Users...
2017-11-06 21:59:41.400+0100 [L: INFO] [O: c.t.s.m.BaseManager] [I: ] [U: SuperUser] [S: ] [T: localhost-startStop-1] Initializing Organizations...
2017-11-06 21:59:41.413+0100 [L: INFO] [O: c.t.s.m.BaseManager] [I: ] [U: SuperUser] [S: ] [T: localhost-startStop-1] Initializing Logs...
2017-11-06 21:59:41.421+0100 [L: INFO] [O: c.t.s.m.BaseManager] [I: ] [U: SuperUser] [S: ] [T: localhost-startStop-1] Initializing DataShapes...
2017-11-06 21:59:41.441+0100 [L: INFO] [O: c.t.s.m.BaseManager] [I: ] [U: SuperUser] [S: ] [T: localhost-startStop-1] Initializing ThingShapes...
2017-11-06 21:59:41.547+0100 [L: INFO] [O: c.t.s.m.BaseManager] [I: ] [U: SuperUser] [S: ] [T: localhost-startStop-1] Initializing ThingPackages...
2017-11-06 21:59:42.256+0100 [L: INFO] [O: c.t.s.m.BaseManager] [I: ] [U: SuperUser] [S: ] [T: localhost-startStop-1] Initializing ThingTemplates...
2017-11-06 21:59:42.299+0100 [L: INFO] [O: c.t.s.m.BaseManager] [I: ] [U: SuperUser] [S: ] [T: localhost-startStop-1] Initializing DataAnalysisDefinitions...
2017-11-06 21:59:42.313+0100 [L: INFO] [O: c.t.s.m.BaseManager] [I: ] [U: SuperUser] [S: ] [T: localhost-startStop-1] Initializing ApplicationKeys...
2017-11-06 21:59:42.313+0100 [L: INFO] [O: c.t.s.m.BaseManager] [I: ] [U: SuperUser] [S: ] [T: localhost-startStop-1] Initializing Dashboards...
2017-11-06 21:59:42.313+0100 [L: INFO] [O: c.t.s.m.BaseManager] [I: ] [U: SuperUser] [S: ] [T: localhost-startStop-1] Initializing LocalizationTables...
2017-11-06 21:59:42.315+0100 [L: INFO] [O: c.t.s.m.BaseManager] [I: ] [U: SuperUser] [S: ] [T: localhost-startStop-1] Initializing StateDefinitions...
2017-11-06 21:59:42.323+0100 [L: INFO] [O: c.t.s.m.BaseManager] [I: ] [U: SuperUser] [S: ] [T: localhost-startStop-1] Initializing StyleDefinitions...
2017-11-06 21:59:42.335+0100 [L: INFO] [O: c.t.s.m.BaseManager] [I: ] [U: SuperUser] [S: ] [T: localhost-startStop-1] Initializing Widgets...
2017-11-06 21:59:42.335+0100 [L: INFO] [O: c.t.s.m.BaseManager] [I: ] [U: SuperUser] [S: ] [T: localhost-startStop-1] Initializing Mashups...
2017-11-06 21:59:42.343+0100 [L: INFO] [O: c.t.s.m.BaseManager] [I: ] [U: SuperUser] [S: ] [T: localhost-startStop-1] Initializing Menus...
2017-11-06 21:59:42.352+0100 [L: INFO] [O: c.t.s.m.BaseManager] [I: ] [U: SuperUser] [S: ] [T: localhost-startStop-1] Initializing MediaEntities...
2017-11-06 21:59:42.371+0100 [L: INFO] [O: c.t.s.m.BaseManager] [I: ] [U: SuperUser] [S: ] [T: localhost-startStop-1] Initializing Projects...
2017-11-06 21:59:42.371+0100 [L: INFO] [O: c.t.s.m.BaseManager] [I: ] [U: SuperUser] [S: ] [T: localhost-startStop-1] Initializing Networks...
2017-11-06 21:59:42.371+0100 [L: INFO] [O: c.t.s.m.BaseManager] [I: ] [U: SuperUser] [S: ] [T: localhost-startStop-1] Initializing ExtensionPackages...
2017-11-06 21:59:42.372+0100 [L: INFO] [O: c.t.s.m.BaseManager] [I: ] [U: SuperUser] [S: ] [T: localhost-startStop-1] Initializing Authenticators...
2017-11-06 21:59:42.373+0100 [L: INFO] [O: c.t.s.m.BaseManager] [I: ] [U: SuperUser] [S: ] [T: localhost-startStop-1] Initializing PersistenceProviderPackages...
2017-11-06 21:59:42.373+0100 [L: INFO] [O: c.t.s.m.BaseManager] [I: ] [U: SuperUser] [S: ] [T: localhost-startStop-1] Initializing PersistenceProviders...
2017-11-06 21:59:42.530+0100 [L: INFO] [O: c.t.p.p.PersistenceProvider] [I: ] [U: SuperUser] [S: ] [T: ForkJoinPool-1-worker-1] Connection ThingworxPersistenceProvider, type H2PersistenceProviderPackage started
2017-11-06 21:59:42.556+0100 [L: INFO] [O: c.t.p.p.PersistenceProvider] [I: ] [U: SuperUser] [S: ] [T: ForkJoinPool-1-worker-1] PersistenceProvider - ThingworxPersistenceProvider - Data Processing (ValueStreamEntry) is starting
2017-11-06 21:59:42.560+0100 [L: INFO] [O: c.t.p.p.PersistenceProvider] [I: ] [U: SuperUser] [S: ] [T: ForkJoinPool-1-worker-1] PersistenceProvider - ThingworxPersistenceProvider - Data Processing (ValueStreamEntry) is started
2017-11-06 21:59:42.564+0100 [L: INFO] [O: c.t.p.p.PersistenceProvider] [I: ] [U: SuperUser] [S: ] [T: ForkJoinPool-1-worker-1] PersistenceProvider - ThingworxPersistenceProvider - Data Processing (StreamEntry) is starting
2017-11-06 21:59:42.565+0100 [L: INFO] [O: c.t.p.p.PersistenceProvider] [I: ] [U: SuperUser] [S: ] [T: ForkJoinPool-1-worker-1] PersistenceProvider - ThingworxPersistenceProvider - Data Processing (StreamEntry) is started
2017-11-06 21:59:42.565+0100 [L: INFO] [O: c.t.s.m.BaseManager] [I: ] [U: SuperUser] [S: ] [T: localhost-startStop-1] Initializing DirectoryServices...
2017-11-06 21:59:42.565+0100 [L: INFO] [O: c.t.s.m.BaseManager] [I: ] [U: SuperUser] [S: ] [T: localhost-startStop-1] Initializing Resources...
2017-11-06 21:59:42.672+0100 [L: INFO] [O: c.t.s.m.BaseManager] [I: ] [U: SuperUser] [S: ] [T: localhost-startStop-1] Initializing ScriptFunctionLibraries...
2017-11-06 21:59:42.681+0100 [L: INFO] [O: c.t.s.m.BaseManager] [I: ] [U: SuperUser] [S: ] [T: localhost-startStop-1] Initializing Subsystems...
2017-11-06 21:59:42.719+0100 [L: INFO] [O: c.t.s.s.a.AlertProcessingSubsystem] [I: ] [U: SuperUser] [S: ] [T: ForkJoinPool-1-worker-0] Initializing Alert Subsystem...
2017-11-06 21:59:42.791+0100 [L: INFO] [O: c.t.s.s.m.MessageStoreSubsystem] [I: ] [U: SuperUser] [S: ] [T: ForkJoinPool-1-worker-1] Message Store Async task created [pool size: 10, thread idle timeout: 600000]
2017-11-06 21:59:42.834+0100 [L: INFO] [O: c.t.s.s.e.EventProcessingSubsystem] [I: ] [U: SuperUser] [S: ] [T: ForkJoinPool-1-worker-2] Initializing Event Router...
2017-11-06 21:59:42.838+0100 [L: INFO] [O: c.t.s.s.s.SCIMSubsystem] [I: ] [U: SuperUser] [S: ] [T: ForkJoinPool-1-worker-0] Initializing SCIM Identity Management Subsystem...
2017-11-06 21:59:42.847+0100 [L: INFO] [O: c.t.s.s.u.UserManagementSubsystem] [I: ] [U: SuperUser] [S: ] [T: ForkJoinPool-1-worker-3] Initializing User Management Subsystem...
2017-11-06 21:59:42.883+0100 [L: INFO] [O: c.t.c.Scheduler] [I: ] [U: SuperUser] [S: ] [T: ForkJoinPool-1-worker-0] Scheduler, job "Import", starting with 2 threads
2017-11-06 21:59:42.883+0100 [L: INFO] [O: c.t.c.Scheduler] [I: ] [U: SuperUser] [S: ] [T: ForkJoinPool-1-worker-0] Scheduler, job "Export", starting with 2 threads
2017-11-06 21:59:42.939+0100 [L: INFO] [O: c.t.s.m.BaseManager] [I: ] [U: SuperUser] [S: ] [T: localhost-startStop-1] Initializing Things...
2017-11-06 21:59:42.953+0100 [L: INFO] [O: c.t.s.m.BaseManager] [I: ] [U: SuperUser] [S: ] [T: localhost-startStop-1] Initializing NotificationContents...
2017-11-06 21:59:42.953+0100 [L: INFO] [O: c.t.s.m.BaseManager] [I: ] [U: SuperUser] [S: ] [T: localhost-startStop-1] Initializing NotificationDefinitions...
2017-11-06 21:59:42.953+0100 [L: INFO] [O: c.t.s.ThingWorxServer] [I: ] [U: SuperUser] [S: ] [T: localhost-startStop-1] Cleaning up legacy entities...
2017-11-06 21:59:42.953+0100 [L: INFO] [O: c.t.s.ThingWorxServer] [I: ] [U: SuperUser] [S: ] [T: localhost-startStop-1] Checking default permissions...
2017-11-06 21:59:42.977+0100 [L: INFO] [O: c.t.s.ThingWorxServer] [I: ] [U: SuperUser] [S: ] [T: localhost-startStop-1] Initializing Thing Shapes...
2017-11-06 21:59:43.024+0100 [L: INFO] [O: c.t.s.ThingWorxServer] [I: ] [U: SuperUser] [S: ] [T: localhost-startStop-1] Initializing Thing Packages...
2017-11-06 21:59:43.242+0100 [L: INFO] [O: c.t.s.ThingWorxServer] [I: ] [U: SuperUser] [S: ] [T: localhost-startStop-1] Initializing Thing Templates...
2017-11-06 21:59:43.590+0100 [L: INFO] [O: c.t.s.ThingWorxServer] [I: ] [U: SuperUser] [S: ] [T: localhost-startStop-1] Initializing caching...
2017-11-06 21:59:43.619+0100 [L: INFO] [O: c.t.s.ThingWorxServer] [I: ] [U: SuperUser] [S: ] [T: localhost-startStop-1] Initializing Things...
2017-11-06 21:59:43.713+0100 [L: INFO] [O: c.t.s.s.i.SubscriptionStoreInMemoryThreadSafe] [I: ] [U: SuperUser] [S: ] [T: ForkJoinPool-1-worker-0] Subscription was added to the store
2017-11-06 21:59:43.739+0100 [L: INFO] [O: c.t.s.s.i.SubscriptionStoreInMemoryThreadSafe] [I: ] [U: SuperUser] [S: ] [T: ForkJoinPool-1-worker-2] Subscription was added to the store
2017-11-06 21:59:43.740+0100 [L: INFO] [O: c.t.s.s.i.SubscriptionStoreInMemoryThreadSafe] [I: ] [U: SuperUser] [S: ] [T: ForkJoinPool-1-worker-2] Subscription was added to the store
2017-11-06 21:59:43.740+0100 [L: INFO] [O: c.t.s.s.i.SubscriptionStoreInMemoryThreadSafe] [I: ] [U: SuperUser] [S: ] [T: ForkJoinPool-1-worker-2] Subscription was added to the store
2017-11-06 21:59:43.781+0100 [L: INFO] [O: c.t.s.ThingWorxServer] [I: ] [U: SuperUser] [S: ] [T: localhost-startStop-1] Clearing caching...
2017-11-06 21:59:43.830+0100 [L: INFO] [O: c.t.s.ThingWorxServer] [I: ] [U: SuperUser] [S: ] [T: localhost-startStop-1] Initializing Reference Caches...
2017-11-06 21:59:43.917+0100 [L: INFO] [O: c.t.s.ThingWorxServer] [I: ] [U: SuperUser] [S: ] [T: localhost-startStop-1] Starting Scheduler Engine...
2017-11-06 21:59:44.060+0100 [L: INFO] [O: c.t.s.ThingWorxServer] [I: ] [U: SuperUser] [S: ] [T: localhost-startStop-1] ========================================
2017-11-06 21:59:44.060+0100 [L: INFO] [O: c.t.s.ThingWorxServer] [I: ] [U: SuperUser] [S: ] [T: localhost-startStop-1] Starting Platform Subsystems
2017-11-06 21:59:44.060+0100 [L: INFO] [O: c.t.s.ThingWorxServer] [I: ] [U: SuperUser] [S: ] [T: localhost-startStop-1] ========================================
2017-11-06 21:59:44.061+0100 [L: INFO] [O: c.t.s.ThingWorxServer] [I: ] [U: SuperUser] [S: ] [T: localhost-startStop-1] Subsystem ValueStreamProcessingSubsystem is starting
2017-11-06 21:59:44.061+0100 [L: INFO] [O: c.t.s.s.Subsystem] [I: ] [U: SuperUser] [S: ] [T: localhost-startStop-1] Starting Subsystem [ValueStreamProcessingSubsystem]
2017-11-06 21:59:44.061+0100 [L: INFO] [O: c.t.s.ThingWorxServer] [I: ] [U: SuperUser] [S: ] [T: localhost-startStop-1] Subsystem ValueStreamProcessingSubsystem is started
2017-11-06 21:59:44.061+0100 [L: INFO] [O: c.t.s.ThingWorxServer] [I: ] [U: SuperUser] [S: ] [T: localhost-startStop-1] Subsystem WSCommunicationsSubsystem is starting
2017-11-06 21:59:44.061+0100 [L: INFO] [O: c.t.s.s.Subsystem] [I: ] [U: SuperUser] [S: ] [T: localhost-startStop-1] Starting Subsystem [WSCommunicationsSubsystem]
2017-11-06 21:59:44.061+0100 [L: INFO] [O: c.t.c.p.m.DispatchingServerCommunicationModule] [I: ] [U: SuperUser] [S: ] [T: localhost-startStop-1] Registering as EndpointBinding Registry Observer
2017-11-06 21:59:44.063+0100 [L: INFO] [O: c.t.c.c.m.CommunicationModuleBase] [I: ] [U: SuperUser] [S: ] [T: localhost-startStop-1] Started DispatchingServerCommunicationModule [Running: true]
2017-11-06 21:59:44.065+0100 [L: INFO] [O: c.t.s.ThingWorxServer] [I: ] [U: SuperUser] [S: ] [T: localhost-startStop-1] Subsystem WSCommunicationsSubsystem is started
2017-11-06 21:59:44.065+0100 [L: INFO] [O: c.t.s.ThingWorxServer] [I: ] [U: SuperUser] [S: ] [T: localhost-startStop-1] Subsystem UserManagementSubsystem is starting
2017-11-06 21:59:44.065+0100 [L: INFO] [O: c.t.s.s.Subsystem] [I: ] [U: SuperUser] [S: ] [T: localhost-startStop-1] Starting Subsystem [UserManagementSubsystem]
2017-11-06 21:59:44.066+0100 [L: INFO] [O: c.t.s.ThingWorxServer] [I: ] [U: SuperUser] [S: ] [T: localhost-startStop-1] Subsystem UserManagementSubsystem is started
2017-11-06 21:59:44.081+0100 [L: INFO] [O: c.t.s.ThingWorxServer] [I: ] [U: SuperUser] [S: ] [T: localhost-startStop-1] Subsystem TunnelSubsystem is starting
2017-11-06 21:59:44.081+0100 [L: INFO] [O: c.t.s.s.Subsystem] [I: ] [U: SuperUser] [S: ] [T: localhost-startStop-1] Starting Subsystem [TunnelSubsystem]
2017-11-06 21:59:44.081+0100 [L: INFO] [O: c.t.s.ThingWorxServer] [I: ] [U: SuperUser] [S: ] [T: localhost-startStop-1] Subsystem TunnelSubsystem is started
2017-11-06 21:59:44.081+0100 [L: INFO] [O: c.t.s.ThingWorxServer] [I: ] [U: SuperUser] [S: ] [T: localhost-startStop-1] Subsystem MessageStoreSubsystem is starting
2017-11-06 21:59:44.082+0100 [L: INFO] [O: c.t.s.s.Subsystem] [I: ] [U: SuperUser] [S: ] [T: localhost-startStop-1] Starting Subsystem [MessageStoreSubsystem]
2017-11-06 21:59:44.082+0100 [L: INFO] [O: c.t.s.ThingWorxServer] [I: ] [U: SuperUser] [S: ] [T: localhost-startStop-1] Subsystem MessageStoreSubsystem is started
2017-11-06 21:59:44.082+0100 [L: INFO] [O: c.t.s.ThingWorxServer] [I: ] [U: SuperUser] [S: ] [T: localhost-startStop-1] Subsystem LicensingSubsystem is starting
2017-11-06 21:59:44.082+0100 [L: INFO] [O: c.t.s.s.Subsystem] [I: ] [U: SuperUser] [S: ] [T: localhost-startStop-1] Starting Subsystem [LicensingSubsystem]
2017-11-06 21:59:45.797+0100 [L: INFO] [O: c.t.s.s.l.TrialLicenseManager] [I: ] [U: SuperUser] [S: ] [T: localhost-startStop-1] Trial has already been loaded and will expire on 01/27/2018 11:59:00 PM
2017-11-06 21:59:45.858+0100 [L: INFO] [O: c.t.s.s.l.LicenseManager] [I: ] [U: SuperUser] [S: ] [T: localhost-startStop-1] Successfully acquired feature twx_composer, version 8.0, count 2147483647
2017-11-06 21:59:45.880+0100 [L: INFO] [O: c.t.s.s.l.LicenseManager] [I: ] [U: SuperUser] [S: ] [T: localhost-startStop-1] Successfully acquired feature twx_mashup_builder, version 8.0, count 2147483647
2017-11-06 21:59:45.903+0100 [L: INFO] [O: c.t.s.s.l.LicenseManager] [I: ] [U: SuperUser] [S: ] [T: localhost-startStop-1] Successfully acquired feature twx_named_user, version 8.0, count 5
2017-11-06 21:59:45.924+0100 [L: INFO] [O: c.t.s.s.l.LicenseManager] [I: ] [U: SuperUser] [S: ] [T: localhost-startStop-1] Successfully acquired feature twx_things, version 8.0, count 150
2017-11-06 21:59:45.948+0100 [L: INFO] [O: c.t.s.s.l.LicenseManager] [I: ] [U: SuperUser] [S: ] [T: localhost-startStop-1] Successfully acquired feature twx_utilities, version 8.0, count 2147483647
2017-11-06 21:59:45.970+0100 [L: INFO] [O: c.t.s.s.l.LicenseManager] [I: ] [U: SuperUser] [S: ] [T: localhost-startStop-1] Successfully acquired feature twx_utilities_scm, version 8.0, count 10
2017-11-06 21:59:45.995+0100 [L: INFO] [O: c.t.s.s.l.LicenseManager] [I: ] [U: SuperUser] [S: ] [T: localhost-startStop-1] Successfully acquired feature twx_utilities_workflows, version 8.0, count 10
2017-11-06 21:59:46.096+0100 [L: INFO] [O: c.t.s.ThingWorxServer] [I: ] [U: SuperUser] [S: ] [T: localhost-startStop-1] Subsystem LicensingSubsystem is started
2017-11-06 21:59:46.096+0100 [L: INFO] [O: c.t.s.ThingWorxServer] [I: ] [U: SuperUser] [S: ] [T: localhost-startStop-1] Subsystem FederationSubsystem is starting
2017-11-06 21:59:46.096+0100 [L: INFO] [O: c.t.s.s.Subsystem] [I: ] [U: SuperUser] [S: ] [T: localhost-startStop-1] Starting Subsystem [FederationSubsystem]
2017-11-06 21:59:46.097+0100 [L: INFO] [O: c.t.s.ThingWorxServer] [I: ] [U: SuperUser] [S: ] [T: localhost-startStop-1] Subsystem FederationSubsystem is started
2017-11-06 21:59:46.097+0100 [L: INFO] [O: c.t.s.ThingWorxServer] [I: ] [U: SuperUser] [S: ] [T: localhost-startStop-1] Subsystem LoggingSubsystem is starting
2017-11-06 21:59:46.097+0100 [L: INFO] [O: c.t.s.s.Subsystem] [I: ] [U: SuperUser] [S: ] [T: localhost-startStop-1] Starting Subsystem [LoggingSubsystem]
2017-11-06 21:59:46.098+0100 [L: INFO] [O: c.t.s.ThingWorxServer] [I: ] [U: SuperUser] [S: ] [T: localhost-startStop-1] Subsystem LoggingSubsystem is started
2017-11-06 21:59:46.098+0100 [L: INFO] [O: c.t.s.ThingWorxServer] [I: ] [U: SuperUser] [S: ] [T: localhost-startStop-1] Subsystem AlertProcessingSubsystem is starting
2017-11-06 21:59:46.098+0100 [L: INFO] [O: c.t.s.s.Subsystem] [I: ] [U: SuperUser] [S: ] [T: localhost-startStop-1] Starting Subsystem [AlertProcessingSubsystem]
2017-11-06 21:59:46.098+0100 [L: INFO] [O: c.t.s.s.a.AlertProcessingSubsystem] [I: ] [U: SuperUser] [S: ] [T: localhost-startStop-1] Starting Alert Processor...
2017-11-06 21:59:46.098+0100 [L: INFO] [O: c.t.s.ThingWorxServer] [I: ] [U: SuperUser] [S: ] [T: localhost-startStop-1] Subsystem AlertProcessingSubsystem is started
2017-11-06 21:59:46.098+0100 [L: INFO] [O: c.t.s.ThingWorxServer] [I: ] [U: SuperUser] [S: ] [T: localhost-startStop-1] Subsystem ExportImportSubsystem is starting
2017-11-06 21:59:46.098+0100 [L: INFO] [O: c.t.s.s.Subsystem] [I: ] [U: SuperUser] [S: ] [T: localhost-startStop-1] Starting Subsystem [ExportImportSubsystem]
2017-11-06 21:59:46.098+0100 [L: INFO] [O: c.t.s.ThingWorxServer] [I: ] [U: SuperUser] [S: ] [T: localhost-startStop-1] Subsystem ExportImportSubsystem is started
2017-11-06 21:59:46.098+0100 [L: INFO] [O: c.t.s.ThingWorxServer] [I: ] [U: SuperUser] [S: ] [T: localhost-startStop-1] Subsystem IntegrationSubsystem is starting
2017-11-06 21:59:46.098+0100 [L: INFO] [O: c.t.s.s.Subsystem] [I: ] [U: SuperUser] [S: ] [T: localhost-startStop-1] Starting Subsystem [IntegrationSubsystem]
2017-11-06 21:59:46.181+0100 [L: INFO] [O: c.t.s.ThingWorxServer] [I: ] [U: SuperUser] [S: ] [T: localhost-startStop-1] Subsystem IntegrationSubsystem is started
2017-11-06 21:59:46.181+0100 [L: INFO] [O: c.t.s.ThingWorxServer] [I: ] [U: SuperUser] [S: ] [T: localhost-startStop-1] Subsystem PlatformSubsystem is starting
2017-11-06 21:59:46.181+0100 [L: INFO] [O: c.t.s.s.Subsystem] [I: ] [U: SuperUser] [S: ] [T: localhost-startStop-1] Starting Subsystem [PlatformSubsystem]
2017-11-06 21:59:46.185+0100 [L: INFO] [O: c.t.s.ThingWorxServer] [I: ] [U: SuperUser] [S: ] [T: localhost-startStop-1] Subsystem PlatformSubsystem is started
2017-11-06 21:59:46.185+0100 [L: INFO] [O: c.t.s.ThingWorxServer] [I: ] [U: SuperUser] [S: ] [T: localhost-startStop-1] Subsystem EventProcessingSubsystem is starting
2017-11-06 21:59:46.185+0100 [L: INFO] [O: c.t.s.s.Subsystem] [I: ] [U: SuperUser] [S: ] [T: localhost-startStop-1] Starting Subsystem [EventProcessingSubsystem]
2017-11-06 21:59:46.185+0100 [L: INFO] [O: c.t.s.s.e.EventProcessingSubsystem] [I: ] [U: SuperUser] [S: ] [T: localhost-startStop-1] Starting Event Router...
2017-11-06 21:59:46.190+0100 [L: INFO] [O: c.t.s.ThingWorxServer] [I: ] [U: SuperUser] [S: ] [T: localhost-startStop-1] Subsystem EventProcessingSubsystem is started
2017-11-06 21:59:46.190+0100 [L: INFO] [O: c.t.s.ThingWorxServer] [I: ] [U: SuperUser] [S: ] [T: localhost-startStop-1] Subsystem StreamProcessingSubsystem is starting
2017-11-06 21:59:46.191+0100 [L: INFO] [O: c.t.s.s.Subsystem] [I: ] [U: SuperUser] [S: ] [T: localhost-startStop-1] Starting Subsystem [StreamProcessingSubsystem]
2017-11-06 21:59:46.191+0100 [L: INFO] [O: c.t.s.ThingWorxServer] [I: ] [U: SuperUser] [S: ] [T: localhost-startStop-1] Subsystem StreamProcessingSubsystem is started
2017-11-06 21:59:46.191+0100 [L: INFO] [O: c.t.s.ThingWorxServer] [I: ] [U: SuperUser] [S: ] [T: localhost-startStop-1] Subsystem WSExecutionProcessingSubsystem is starting
2017-11-06 21:59:46.191+0100 [L: INFO] [O: c.t.s.s.Subsystem] [I: ] [U: SuperUser] [S: ] [T: localhost-startStop-1] Starting Subsystem [WSExecutionProcessingSubsystem]
2017-11-06 21:59:46.224+0100 [L: INFO] [O: c.t.s.ThingWorxServer] [I: ] [U: SuperUser] [S: ] [T: localhost-startStop-1] Subsystem WSExecutionProcessingSubsystem is started
2017-11-06 21:59:46.225+0100 [L: INFO] [O: c.t.s.ThingWorxServer] [I: ] [U: SuperUser] [S: ] [T: localhost-startStop-1] Subsystem FileTransferSubsystem is starting
2017-11-06 21:59:46.225+0100 [L: INFO] [O: c.t.s.s.Subsystem] [I: ] [U: SuperUser] [S: ] [T: localhost-startStop-1] Starting Subsystem [FileTransferSubsystem]
2017-11-06 21:59:46.256+0100 [L: INFO] [O: c.t.s.s.l.LicenseUsageData] [I: ] [U: SuperUser] [S: ] [T: pool-7-thread-1] Added license usage data with UsageID: 17 to table successfully!
2017-11-06 21:59:46.289+0100 [L: INFO] [O: c.t.s.s.f.e.TransferTracker] [I: ] [U: SuperUser] [S: ] [T: localhost-startStop-1] Creating new Transfer Tracker
2017-11-06 21:59:46.298+0100 [L: INFO] [O: c.t.s.ThingWorxServer] [I: ] [U: SuperUser] [S: ] [T: localhost-startStop-1] Subsystem FileTransferSubsystem is started
2017-11-06 21:59:46.298+0100 [L: INFO] [O: c.t.s.ThingWorxServer] [I: ] [U: SuperUser] [S: ] [T: localhost-startStop-1] Subsystem SCIMSubsystem autostart is off
2017-11-06 21:59:46.298+0100 [L: INFO] [O: c.t.s.ThingWorxServer] [I: ] [U: SuperUser] [S: ] [T: localhost-startStop-1] ========================================
2017-11-06 21:59:46.298+0100 [L: INFO] [O: c.t.s.s.m.MessageStoreSubsystem] [I: ] [U: SuperUser] [S: ] [T: localhost-startStop-1] MessageStore Subsystem Settings
2017-11-06 21:59:46.299+0100 [L: INFO] [O: c.t.s.s.m.MessageStoreSubsystem] [I: ] [U: SuperUser] [S: ] [T: localhost-startStop-1] ----------------------------------------
2017-11-06 21:59:46.299+0100 [L: INFO] [O: c.t.s.s.m.MessageStoreSubsystem] [I: ] [U: SuperUser] [S: ] [T: localhost-startStop-1] Thread Pool Minimum Size = 10
2017-11-06 21:59:46.299+0100 [L: INFO] [O: c.t.s.s.m.MessageStoreSubsystem] [I: ] [U: SuperUser] [S: ] [T: localhost-startStop-1] Thread Pool Maximum Size = 100
2017-11-06 21:59:46.299+0100 [L: INFO] [O: c.t.s.s.m.MessageStoreSubsystem] [I: ] [U: SuperUser] [S: ] [T: localhost-startStop-1] Max Queue Size = 100
2017-11-06 21:59:46.299+0100 [L: INFO] [O: c.t.s.s.m.MessageStoreSubsystem] [I: ] [U: SuperUser] [S: ] [T: localhost-startStop-1] Max Thread Life = 600000
2017-11-06 21:59:46.299+0100 [L: INFO] [O: c.t.s.s.m.MessageStoreSubsystem] [I: ] [U: SuperUser] [S: ] [T: localhost-startStop-1] Max Message Count = 1000
2017-11-06 21:59:46.299+0100 [L: INFO] [O: c.t.s.s.m.MessageStoreSubsystem] [I: ] [U: SuperUser] [S: ] [T: localhost-startStop-1] ----------------------------------------
2017-11-06 21:59:46.299+0100 [L: INFO] [O: c.t.s.s.w.WSExecutionProcessingSubsystem] [I: ] [U: SuperUser] [S: ] [T: localhost-startStop-1] WSExecutionProcessing Subsystem Settings
2017-11-06 21:59:46.299+0100 [L: INFO] [O: c.t.s.s.w.WSExecutionProcessingSubsystem] [I: ] [U: SuperUser] [S: ] [T: localhost-startStop-1] ----------------------------------------
2017-11-06 21:59:46.299+0100 [L: INFO] [O: c.t.s.s.w.WSExecutionProcessingSubsystem] [I: ] [U: SuperUser] [S: ] [T: localhost-startStop-1] Thread Pool Minimum Size = 1000
2017-11-06 21:59:46.335+0100 [L: INFO] [O: c.t.s.s.w.WSExecutionProcessingSubsystem] [I: ] [U: SuperUser] [S: ] [T: localhost-startStop-1] Thread Pool Maximum Size = 10000
2017-11-06 21:59:46.335+0100 [L: INFO] [O: c.t.s.s.w.WSExecutionProcessingSubsystem] [I: ] [U: SuperUser] [S: ] [T: localhost-startStop-1] Max Queue Size = 100000
2017-11-06 21:59:46.335+0100 [L: INFO] [O: c.t.s.s.w.WSExecutionProcessingSubsystem] [I: ] [U: SuperUser] [S: ] [T: localhost-startStop-1] Max Thread Life = 600000
2017-11-06 21:59:46.335+0100 [L: INFO] [O: c.t.s.s.w.WSExecutionProcessingSubsystem] [I: ] [U: SuperUser] [S: ] [T: localhost-startStop-1] ----------------------------------------
2017-11-06 21:59:46.335+0100 [L: INFO] [O: c.t.s.s.f.FileTransferSubsystem] [I: ] [U: SuperUser] [S: ] [T: localhost-startStop-1] FileTransfer Subsystem Settings
2017-11-06 21:59:46.335+0100 [L: INFO] [O: c.t.s.s.f.FileTransferSubsystem] [I: ] [U: SuperUser] [S: ] [T: localhost-startStop-1] ----------------------------------------
2017-11-06 21:59:46.335+0100 [L: INFO] [O: c.t.s.s.f.FileTransferSubsystem] [I: ] [U: SuperUser] [S: ] [T: localhost-startStop-1] Thread Pool Minimum Size = 10
2017-11-06 21:59:46.335+0100 [L: INFO] [O: c.t.s.s.f.FileTransferSubsystem] [I: ] [U: SuperUser] [S: ] [T: localhost-startStop-1] Thread Pool Maximum Size = 10
2017-11-06 21:59:46.336+0100 [L: INFO] [O: c.t.s.s.f.FileTransferSubsystem] [I: ] [U: SuperUser] [S: ] [T: localhost-startStop-1] Max Queue Size = 100
2017-11-06 21:59:46.336+0100 [L: INFO] [O: c.t.s.s.f.FileTransferSubsystem] [I: ] [U: SuperUser] [S: ] [T: localhost-startStop-1] Max Thread Life = 600000
2017-11-06 21:59:46.336+0100 [L: INFO] [O: c.t.s.s.f.FileTransferSubsystem] [I: ] [U: SuperUser] [S: ] [T: localhost-startStop-1] File Transfer Idle Timeout = 30000
2017-11-06 21:59:46.336+0100 [L: INFO] [O: c.t.s.s.f.FileTransferSubsystem] [I: ] [U: SuperUser] [S: ] [T: localhost-startStop-1] Max File Transfer Size = 100000000
2017-11-06 21:59:46.336+0100 [L: INFO] [O: c.t.s.s.f.FileTransferSubsystem] [I: ] [U: SuperUser] [S: ] [T: localhost-startStop-1] Max File Transfers Allowed in Offline Queue = 50000
2017-11-06 21:59:46.336+0100 [L: INFO] [O: c.t.s.s.f.FileTransferSubsystem] [I: ] [U: SuperUser] [S: ] [T: localhost-startStop-1] Max File Transfers Allowed Per Thing in Offline Queue = 10
2017-11-06 21:59:46.336+0100 [L: INFO] [O: c.t.s.s.f.FileTransferSubsystem] [I: ] [U: SuperUser] [S: ] [T: localhost-startStop-1] Time To Live (sec) of File Transfer in Offline Queue = 86400
2017-11-06 21:59:46.336+0100 [L: INFO] [O: c.t.s.s.f.FileTransferSubsystem] [I: ] [U: SuperUser] [S: ] [T: localhost-startStop-1] FileTransfer Idle Timeout for Edge Controlled Transfers = 600000
2017-11-06 21:59:46.352+0100 [L: INFO] [O: c.t.s.s.f.FileTransferSubsystem] [I: ] [U: SuperUser] [S: ] [T: localhost-startStop-1] Max Concurrent Edge Controlled File Transfers Allowed = 500
2017-11-06 21:59:46.353+0100 [L: INFO] [O: c.t.s.s.f.FileTransferSubsystem] [I: ] [U: SuperUser] [S: ] [T: localhost-startStop-1] Max Concurrent Edge Controlled File Transfers Allowed Per Thing = 2
2017-11-06 21:59:46.353+0100 [L: INFO] [O: c.t.s.s.f.FileTransferSubsystem] [I: ] [U: SuperUser] [S: ] [T: localhost-startStop-1] ----------------------------------------
2017-11-06 21:59:46.353+0100 [L: INFO] [O: c.t.s.ThingWorxServer] [I: ] [U: SuperUser] [S: ] [T: localhost-startStop-1] Starting All Things...
2017-11-06 21:59:46.414+0100 [L: INFO] [O: c.t.s.ThingWorxServer] [I: ] [U: SuperUser] [S: ] [T: localhost-startStop-1] Activating Property Bindings...
2017-11-06 21:59:46.415+0100 [L: INFO] [O: c.t.s.ThingWorxServer] [I: ] [U: SuperUser] [S: ] [T: localhost-startStop-1] Initializing Property Binding relationships...
2017-11-06 21:59:46.416+0100 [L: INFO] [O: c.t.s.ThingWorxServer] [I: ] [U: SuperUser] [S: ] [T: localhost-startStop-1] Sending Post Start Notifications...
2017-11-06 21:59:46.424+0100 [L: INFO] [O: c.t.s.ThingWorxServer] [I: ] [U: SuperUser] [S: ] [T: localhost-startStop-1] Thingworx Server Application...ON
2017-11-06 21:59:46.689+0100 [L: INFO] [O: c.t.s.ThingWorxBootstrapper] [I: ] [U: SuperUser] [S: ] [T: localhost-startStop-1] Datastore database...INITIALIZED
2017-11-06 22:00:46.246+0100 [L: WARN] [O: c.t.s.s.p.PlatformSubsystem] [I: ] [U: SuperUser] [S: ] [T: pool-10-thread-1]  Thingworx System Metrics_----------------------------------------------------------------------------_AlertProcessingSubsystem#,         maximumQueueSize= 50000.0, queueSize= 0.0, totalAlertsQueued= 0.0, _EventProcessingSubsystem#,         corePoolSize= 16.0, maxPoolSize= 500.0, curentPoolSize= 0.0, activeThreads= 0.0, queueSize= 0.0, largestPoolSize= 0.0, submitedTaskCount= 0.0, completedTaskCount= 0.0, _FederationSubsystem#,              clientCount= 0.0, publishedCount= 0.0, updateInterval= 100.0, _FileTransferSubsystem#,            corePoolSize= 10.0, maxPoolSize= 10.0, curentPoolSize= 0.0, activeThreads= 0.0, queueSize= 0.0, largestPoolSize= 0.0, submitedTaskCount= 0.0, completedTaskCount= 0.0, _IntegrationSubsystem#,             numberOfConnectors= 0.0, requestCount= 0.0, _LicensingSubsystem#,               twx_composer= 1.0, twx_mashup_builder= 0.0, twx_named_user= 0.0, twx_things= 13.0, twx_utilities= 0.0, twx_utilities_scm= 0.0, twx_utilities_workflows= 0.0, DaysRemaining= 82.0, _MessageStoreSubsystem#,            corePoolSize= 10.0, maxPoolSize= 100.0, curentPoolSize= 0.0, activeThreads= 0.0, queueSize= 0.0, largestPoolSize= 0.0, submitedTaskCount= 0.0, completedTaskCount= 0.0, _PlatformSubsystem#,                eventQueueSize= 0.0, streamQueueSize-ThingworxPersistenceProvider= 0.0, valueStreamQueueSize-ThingworxPersistenceProvider= 0.0, memoryInUse= 5.25901552E8, totalMemoryAllocated= 1.60432128E9, thingCount= 26.0, _StreamProcessingSubsystem#,        maximumWaitTime= 10000.0, sizeThreshold= 1000.0, maximumBlockSize= 2500.0, scanRate= 5.0, maximumQueueSize= 250000.0, queueSize= 0.0, totalWritesQueued= 0.0, totalWritesPerformed= 0.0, numberOfProcessingThreads= 5.0, _TunnelSubsystem#,                  activeTunnelCount= 0.0, totalTunnelCount= 0.0, _UserManagementSubsystem#,          userCount= 2.0, _ValueStreamProcessingSubsystem#,   maximumWaitTime= 10000.0, sizeThreshold= 1000.0, maximumBlockSize= 2500.0, scanRate= 5.0, maximumQueueSize= 500000.0, queueSize= 0.0, totalWritesQueued= 0.0, totalWritesPerformed= 0.0, numberOfProcessingThreads= 5.0, _WSCommunicationsSubsystem#,        activeWebsockets= 0.0, _WSExecutionProcessingSubsystem#,   corePoolSize= 1000.0, maxPoolSize= 10000.0, curentPoolSize= 0.0, activeThreads= 0.0, queueSize= 0.0, largestPoolSize= 0.0, submitedTaskCount= 0.0, completedTaskCount= 0.0, _ThingworxServer#,                  systemRuntime= 0 hours,  memoryInUse = 0,526 GB,  totalMemoryAllocated= 1,604 GB,  activeUsers= 1, BoundConnectedThings= 0, UnBoundConnectedThings= 0_----------------------------------------------------------------------------_
2017-11-06 22:02:11.029+0100 [L: ERROR] [O: c.t.w.DataImporter] [I: ] [U: Administrator] [S: ] [T: http-nio-80-exec-7] Invalid request: com.thingworx.common.exceptions.InvalidRequestException: XML Data Import Not Supported
2017-11-06 22:02:12.333+0100 [L: ERROR] [O: c.t.w.DataImporter] [I: ] [U: Administrator] [S: ] [T: http-nio-80-exec-5] Invalid request: com.thingworx.common.exceptions.InvalidRequestException: XML Data Import Not Supported
2017-11-06 22:02:22.893+0100 [L: INFO] [O: c.t.w.Importer] [I: ] [U: Administrator] [S: ] [T: http-nio-80-exec-6] Starting entity import
2017-11-06 22:02:23.622+0100 [L: INFO] [O: c.t.w.Importer] [I: ] [U: Administrator] [S: ] [T: http-nio-80-exec-6] Entity import successful
2017-11-06 22:30:46.196+0100 [L: WARN] [O: c.t.s.s.p.PlatformSubsystem] [I: ] [U: SuperUser] [S: ] [T: pool-10-thread-1]  Thingworx System Metrics_----------------------------------------------------------------------------_AlertProcessingSubsystem#,         maximumQueueSize= 50000.0, queueSize= 0.0, totalAlertsQueued= 0.0, _EventProcessingSubsystem#,         corePoolSize= 16.0, maxPoolSize= 500.0, curentPoolSize= 0.0, activeThreads= 0.0, queueSize= 0.0, largestPoolSize= 0.0, submitedTaskCount= 0.0, completedTaskCount= 0.0, _FederationSubsystem#,              clientCount= 0.0, publishedCount= 0.0, updateInterval= 100.0, _FileTransferSubsystem#,            corePoolSize= 10.0, maxPoolSize= 10.0, curentPoolSize= 0.0, activeThreads= 0.0, queueSize= 0.0, largestPoolSize= 0.0, submitedTaskCount= 0.0, completedTaskCount= 0.0, _IntegrationSubsystem#,             numberOfConnectors= 0.0, requestCount= 0.0, _LicensingSubsystem#,               twx_composer= 1.0, twx_mashup_builder= 0.0, twx_named_user= 0.0, twx_things= 13.0, twx_utilities= 0.0, twx_utilities_scm= 0.0, twx_utilities_workflows= 0.0, DaysRemaining= 82.0, _MessageStoreSubsystem#,            corePoolSize= 10.0, maxPoolSize= 100.0, curentPoolSize= 0.0, activeThreads= 0.0, queueSize= 0.0, largestPoolSize= 0.0, submitedTaskCount= 0.0, completedTaskCount= 0.0, _PlatformSubsystem#,                eventQueueSize= 0.0, streamQueueSize-ThingworxPersistenceProvider= 0.0, valueStreamQueueSize-ThingworxPersistenceProvider= 0.0, memoryInUse= 9.23311856E8, totalMemoryAllocated= 1.60432128E9, thingCount= 26.0, _StreamProcessingSubsystem#,        maximumWaitTime= 10000.0, sizeThreshold= 1000.0, maximumBlockSize= 2500.0, scanRate= 5.0, maximumQueueSize= 250000.0, queueSize= 0.0, totalWritesQueued= 0.0, totalWritesPerformed= 0.0, numberOfProcessingThreads= 5.0, _TunnelSubsystem#,                  activeTunnelCount= 0.0, totalTunnelCount= 0.0, _UserManagementSubsystem#,          userCount= 2.0, _ValueStreamProcessingSubsystem#,   maximumWaitTime= 10000.0, sizeThreshold= 1000.0, maximumBlockSize= 2500.0, scanRate= 5.0, maximumQueueSize= 500000.0, queueSize= 0.0, totalWritesQueued= 0.0, totalWritesPerformed= 0.0, numberOfProcessingThreads= 5.0, _WSCommunicationsSubsystem#,        activeWebsockets= 0.0, _WSExecutionProcessingSubsystem#,   corePoolSize= 1000.0, maxPoolSize= 10000.0, curentPoolSize= 0.0, activeThreads= 0.0, queueSize= 0.0, largestPoolSize= 0.0, submitedTaskCount= 0.0, completedTaskCount= 0.0, _ThingworxServer#,                  systemRuntime= 0 hours,  memoryInUse = 0,923 GB,  totalMemoryAllocated= 1,604 GB,  activeUsers= 1, BoundConnectedThings= 0, UnBoundConnectedThings= 0_----------------------------------------------------------------------------_
2017-11-06 22:40:52.013+0100 [L: WARN] [O: c.t.e.RootEntity] [I: ] [U: Administrator] [S: ] [T: http-nio-80-exec-6] Entity [Smart Flowers] changed its project name from [Smart Flowers] to [Smart Flowers]
2017-11-06 22:50:39.473+0100 [L: WARN] [O: c.t.p.Project] [I: ] [U: Administrator] [S: ] [T: http-nio-80-exec-6] The project name of a project cannot be changed. It must be set to itself
2017-11-06 22:50:39.488+0100 [L: WARN] [O: c.t.e.RootEntity] [I: ] [U: Administrator] [S: ] [T: http-nio-80-exec-6] Entity [Smart Flowers] changed its project name from [Smart Flowers] to [Smart Flowers]
2017-11-06 22:50:55.095+0100 [L: WARN] [O: c.t.p.Project] [I: ] [U: Administrator] [S: ] [T: http-nio-80-exec-7] The project name of a project cannot be changed. It must be set to itself
2017-11-06 22:50:55.108+0100 [L: WARN] [O: c.t.e.RootEntity] [I: ] [U: Administrator] [S: ] [T: http-nio-80-exec-7] Entity [Smart Flowers] changed its project name from [Smart Flowers] to [Smart Flowers]
2017-11-06 23:00:46.187+0100 [L: WARN] [O: c.t.s.s.p.PlatformSubsystem] [I: ] [U: SuperUser] [S: ] [T: pool-10-thread-1]  Thingworx System Metrics_----------------------------------------------------------------------------_AlertProcessingSubsystem#,         maximumQueueSize= 50000.0, queueSize= 0.0, totalAlertsQueued= 0.0, _EventProcessingSubsystem#,         corePoolSize= 16.0, maxPoolSize= 500.0, curentPoolSize= 0.0, activeThreads= 0.0, queueSize= 0.0, largestPoolSize= 0.0, submitedTaskCount= 0.0, completedTaskCount= 0.0, _FederationSubsystem#,              clientCount= 0.0, publishedCount= 0.0, updateInterval= 100.0, _FileTransferSubsystem#,            corePoolSize= 10.0, maxPoolSize= 10.0, curentPoolSize= 0.0, activeThreads= 0.0, queueSize= 0.0, largestPoolSize= 0.0, submitedTaskCount= 0.0, completedTaskCount= 0.0, _IntegrationSubsystem#,             numberOfConnectors= 0.0, requestCount= 0.0, _LicensingSubsystem#,               twx_composer= 1.0, twx_mashup_builder= 0.0, twx_named_user= 0.0, twx_things= 13.0, twx_utilities= 0.0, twx_utilities_scm= 0.0, twx_utilities_workflows= 0.0, DaysRemaining= 82.0, _MessageStoreSubsystem#,            corePoolSize= 10.0, maxPoolSize= 100.0, curentPoolSize= 0.0, activeThreads= 0.0, queueSize= 0.0, largestPoolSize= 0.0, submitedTaskCount= 0.0, completedTaskCount= 0.0, _PlatformSubsystem#,                eventQueueSize= 0.0, streamQueueSize-ThingworxPersistenceProvider= 0.0, valueStreamQueueSize-ThingworxPersistenceProvider= 0.0, memoryInUse= 3.08272232E8, totalMemoryAllocated= 1.60432128E9, thingCount= 26.0, _StreamProcessingSubsystem#,        maximumWaitTime= 10000.0, sizeThreshold= 1000.0, maximumBlockSize= 2500.0, scanRate= 5.0, maximumQueueSize= 250000.0, queueSize= 0.0, totalWritesQueued= 0.0, totalWritesPerformed= 0.0, numberOfProcessingThreads= 5.0, _TunnelSubsystem#,                  activeTunnelCount= 0.0, totalTunnelCount= 0.0, _UserManagementSubsystem#,          userCount= 2.0, _ValueStreamProcessingSubsystem#,   maximumWaitTime= 10000.0, sizeThreshold= 1000.0, maximumBlockSize= 2500.0, scanRate= 5.0, maximumQueueSize= 500000.0, queueSize= 0.0, totalWritesQueued= 0.0, totalWritesPerformed= 0.0, numberOfProcessingThreads= 5.0, _WSCommunicationsSubsystem#,        activeWebsockets= 0.0, _WSExecutionProcessingSubsystem#,   corePoolSize= 1000.0, maxPoolSize= 10000.0, curentPoolSize= 0.0, activeThreads= 0.0, queueSize= 0.0, largestPoolSize= 0.0, submitedTaskCount= 0.0, completedTaskCount= 0.0, _ThingworxServer#,                  systemRuntime= 1 hours,  memoryInUse = 0,308 GB,  totalMemoryAllocated= 1,604 GB,  activeUsers= 1, BoundConnectedThings= 0, UnBoundConnectedThings= 0_----------------------------------------------------------------------------_
2017-11-06 23:30:46.192+0100 [L: WARN] [O: c.t.s.s.p.PlatformSubsystem] [I: ] [U: SuperUser] [S: ] [T: pool-10-thread-1]  Thingworx System Metrics_----------------------------------------------------------------------------_AlertProcessingSubsystem#,         maximumQueueSize= 50000.0, queueSize= 0.0, totalAlertsQueued= 0.0, _EventProcessingSubsystem#,         corePoolSize= 16.0, maxPoolSize= 500.0, curentPoolSize= 0.0, activeThreads= 0.0, queueSize= 0.0, largestPoolSize= 0.0, submitedTaskCount= 0.0, completedTaskCount= 0.0, _FederationSubsystem#,              clientCount= 0.0, publishedCount= 0.0, updateInterval= 100.0, _FileTransferSubsystem#,            corePoolSize= 10.0, maxPoolSize= 10.0, curentPoolSize= 0.0, activeThreads= 0.0, queueSize= 0.0, largestPoolSize= 0.0, submitedTaskCount= 0.0, completedTaskCount= 0.0, _IntegrationSubsystem#,             numberOfConnectors= 0.0, requestCount= 0.0, _LicensingSubsystem#,               twx_composer= 1.0, twx_mashup_builder= 0.0, twx_named_user= 0.0, twx_things= 13.0, twx_utilities= 0.0, twx_utilities_scm= 0.0, twx_utilities_workflows= 0.0, DaysRemaining= 82.0, _MessageStoreSubsystem#,            corePoolSize= 10.0, maxPoolSize= 100.0, curentPoolSize= 0.0, activeThreads= 0.0, queueSize= 0.0, largestPoolSize= 0.0, submitedTaskCount= 0.0, completedTaskCount= 0.0, _PlatformSubsystem#,                eventQueueSize= 0.0, streamQueueSize-ThingworxPersistenceProvider= 0.0, valueStreamQueueSize-ThingworxPersistenceProvider= 0.0, memoryInUse= 4.635934E8, totalMemoryAllocated= 1.60432128E9, thingCount= 26.0, _StreamProcessingSubsystem#,        maximumWaitTime= 10000.0, sizeThreshold= 1000.0, maximumBlockSize= 2500.0, scanRate= 5.0, maximumQueueSize= 250000.0, queueSize= 0.0, totalWritesQueued= 0.0, totalWritesPerformed= 0.0, numberOfProcessingThreads= 5.0, _TunnelSubsystem#,                  activeTunnelCount= 0.0, totalTunnelCount= 0.0, _UserManagementSubsystem#,          userCount= 2.0, _ValueStreamProcessingSubsystem#,   maximumWaitTime= 10000.0, sizeThreshold= 1000.0, maximumBlockSize= 2500.0, scanRate= 5.0, maximumQueueSize= 500000.0, queueSize= 0.0, totalWritesQueued= 0.0, totalWritesPerformed= 0.0, numberOfProcessingThreads= 5.0, _WSCommunicationsSubsystem#,        activeWebsockets= 0.0, _WSExecutionProcessingSubsystem#,   corePoolSize= 1000.0, maxPoolSize= 10000.0, curentPoolSize= 0.0, activeThreads= 0.0, queueSize= 0.0, largestPoolSize= 0.0, submitedTaskCount= 0.0, completedTaskCount= 0.0, _ThingworxServer#,                  systemRuntime= 1 hours,  memoryInUse = 0,464 GB,  totalMemoryAllocated= 1,604 GB,  activeUsers= 1, BoundConnectedThings= 0, UnBoundConnectedThings= 0_----------------------------------------------------------------------------_
