2017-11-06 22:02:23.506+0100 [L: INFO] [O: Import] [I: BEGIN_BLOCK_CHANGE] [U: Administrator] [S: ] [T: http-nio-80-exec-6] action = BEGIN_BLOCK_CHANGE 
2017-11-06 22:02:23.557+0100 [L: INFO] [O: DataShape] [I: SpeedDataShape] [U: Administrator] [S: ] [T: http-nio-80-exec-6] action = MODIFY 
2017-11-06 22:02:23.579+0100 [L: INFO] [O: DataShape] [I: CustomerDataShape] [U: Administrator] [S: ] [T: http-nio-80-exec-6] action = MODIFY 
2017-11-06 22:02:23.579+0100 [L: INFO] [O: DataShape] [I: TruckDataShape] [U: Administrator] [S: ] [T: http-nio-80-exec-6] action = MODIFY 
2017-11-06 22:02:23.599+0100 [L: INFO] [O: DataShape] [I: PackageDataShape] [U: Administrator] [S: ] [T: http-nio-80-exec-6] action = MODIFY 
2017-11-06 22:02:23.600+0100 [L: INFO] [O: DataShape] [I: DriverDataShape] [U: Administrator] [S: ] [T: http-nio-80-exec-6] action = MODIFY 
2017-11-06 22:02:23.600+0100 [L: INFO] [O: DataShape] [I: DeliveryDataShape] [U: Administrator] [S: ] [T: http-nio-80-exec-6] action = MODIFY 
2017-11-06 22:02:23.600+0100 [L: INFO] [O: ThingTemplate] [I: Customer] [U: Administrator] [S: ] [T: http-nio-80-exec-6] action = MODIFY 
2017-11-06 22:02:23.612+0100 [L: INFO] [O: ThingTemplate] [I: Driver] [U: Administrator] [S: ] [T: http-nio-80-exec-6] action = MODIFY 
2017-11-06 22:02:23.612+0100 [L: INFO] [O: ThingTemplate] [I: Truck] [U: Administrator] [S: ] [T: http-nio-80-exec-6] action = MODIFY 
2017-11-06 22:02:23.612+0100 [L: INFO] [O: ThingTemplate] [I: Package] [U: Administrator] [S: ] [T: http-nio-80-exec-6] action = MODIFY 
2017-11-06 22:02:23.612+0100 [L: INFO] [O: Thing] [I: Driver3] [U: Administrator] [S: ] [T: http-nio-80-exec-6] action = MODIFY 
2017-11-06 22:02:23.612+0100 [L: INFO] [O: Thing] [I: Driver2] [U: Administrator] [S: ] [T: http-nio-80-exec-6] action = MODIFY 
2017-11-06 22:02:23.612+0100 [L: INFO] [O: Thing] [I: Truck1] [U: Administrator] [S: ] [T: http-nio-80-exec-6] action = MODIFY 
2017-11-06 22:02:23.613+0100 [L: INFO] [O: Thing] [I: Driver1] [U: Administrator] [S: ] [T: http-nio-80-exec-6] action = MODIFY 
2017-11-06 22:02:23.613+0100 [L: INFO] [O: Thing] [I: Truck2] [U: Administrator] [S: ] [T: http-nio-80-exec-6] action = MODIFY 
2017-11-06 22:02:23.619+0100 [L: INFO] [O: Thing] [I: SpeedDataStream] [U: Administrator] [S: ] [T: http-nio-80-exec-6] action = MODIFY 
2017-11-06 22:02:23.619+0100 [L: INFO] [O: Thing] [I: PackageDataTable] [U: Administrator] [S: ] [T: http-nio-80-exec-6] action = MODIFY 
2017-11-06 22:02:23.619+0100 [L: INFO] [O: Thing] [I: DeliverySystem] [U: Administrator] [S: ] [T: http-nio-80-exec-6] action = MODIFY 
2017-11-06 22:02:23.619+0100 [L: INFO] [O: Thing] [I: Package1] [U: Administrator] [S: ] [T: http-nio-80-exec-6] action = MODIFY 
2017-11-06 22:02:23.620+0100 [L: INFO] [O: Thing] [I: CustomerDataTable] [U: Administrator] [S: ] [T: http-nio-80-exec-6] action = MODIFY 
2017-11-06 22:02:23.620+0100 [L: INFO] [O: Thing] [I: Customer1] [U: Administrator] [S: ] [T: http-nio-80-exec-6] action = MODIFY 
2017-11-06 22:02:23.620+0100 [L: INFO] [O: Thing] [I: Customer2] [U: Administrator] [S: ] [T: http-nio-80-exec-6] action = MODIFY 
2017-11-06 22:02:23.620+0100 [L: INFO] [O: Thing] [I: Customer3] [U: Administrator] [S: ] [T: http-nio-80-exec-6] action = MODIFY 
2017-11-06 22:02:23.621+0100 [L: INFO] [O: Thing] [I: Package3] [U: Administrator] [S: ] [T: http-nio-80-exec-6] action = MODIFY 
2017-11-06 22:02:23.621+0100 [L: INFO] [O: Thing] [I: Package2] [U: Administrator] [S: ] [T: http-nio-80-exec-6] action = MODIFY 
2017-11-06 22:02:23.621+0100 [L: INFO] [O: Thing] [I: CustomerSystem] [U: Administrator] [S: ] [T: http-nio-80-exec-6] action = MODIFY 
2017-11-06 22:02:23.621+0100 [L: INFO] [O: Thing] [I: DriverDataTable] [U: Administrator] [S: ] [T: http-nio-80-exec-6] action = MODIFY 
2017-11-06 22:02:23.621+0100 [L: INFO] [O: Thing] [I: TruckDataTable] [U: Administrator] [S: ] [T: http-nio-80-exec-6] action = MODIFY 
2017-11-06 22:02:23.621+0100 [L: INFO] [O: Import] [I: END_BLOCK_CHANGE] [U: Administrator] [S: ] [T: http-nio-80-exec-6] action = END_BLOCK_CHANGE 
2017-11-06 22:38:24.097+0100 [L: INFO] [O: Import] [I: BEGIN_BLOCK_CHANGE] [U: Administrator] [S: ] [T: http-nio-80-exec-9] action = BEGIN_BLOCK_CHANGE 
2017-11-06 22:38:24.099+0100 [L: INFO] [O: ModelTagVocabulary] [I: flowers] [U: Administrator] [S: ] [T: http-nio-80-exec-9] action = CREATE, reason = header : name : updated, isDynamic : updated_documentation : updated_ 
2017-11-06 22:38:24.108+0100 [L: INFO] [O: Import] [I: END_BLOCK_CHANGE] [U: Administrator] [S: ] [T: http-nio-80-exec-9] action = END_BLOCK_CHANGE 
2017-11-06 22:38:42.038+0100 [L: INFO] [O: Import] [I: BEGIN_BLOCK_CHANGE] [U: Administrator] [S: ] [T: http-nio-80-exec-9] action = BEGIN_BLOCK_CHANGE 
2017-11-06 22:38:42.038+0100 [L: INFO] [O: ModelTagVocabulary] [I: smart] [U: Administrator] [S: ] [T: http-nio-80-exec-9] action = CREATE, reason = header : name : updated, isDynamic : updated_documentation : updated_ 
2017-11-06 22:38:42.038+0100 [L: INFO] [O: Import] [I: END_BLOCK_CHANGE] [U: Administrator] [S: ] [T: http-nio-80-exec-9] action = END_BLOCK_CHANGE 
2017-11-06 22:38:53.242+0100 [L: INFO] [O: Import] [I: BEGIN_BLOCK_CHANGE] [U: Administrator] [S: ] [T: http-nio-80-exec-3] action = BEGIN_BLOCK_CHANGE 
2017-11-06 22:38:53.242+0100 [L: INFO] [O: ModelTagVocabulary] [I: flower] [U: Administrator] [S: ] [T: http-nio-80-exec-3] action = CREATE, reason = header : name : updated, isDynamic : updated_documentation : updated_ 
2017-11-06 22:38:53.242+0100 [L: INFO] [O: Import] [I: END_BLOCK_CHANGE] [U: Administrator] [S: ] [T: http-nio-80-exec-3] action = END_BLOCK_CHANGE 
2017-11-06 22:39:04.929+0100 [L: INFO] [O: Import] [I: BEGIN_BLOCK_CHANGE] [U: Administrator] [S: ] [T: http-nio-80-exec-10] action = BEGIN_BLOCK_CHANGE 
2017-11-06 22:39:04.929+0100 [L: INFO] [O: ModelTagVocabulary] [I: smartflowers] [U: Administrator] [S: ] [T: http-nio-80-exec-10] action = CREATE, reason = header : name : updated_documentation : updated_ 
2017-11-06 22:39:04.929+0100 [L: INFO] [O: Import] [I: END_BLOCK_CHANGE] [U: Administrator] [S: ] [T: http-nio-80-exec-10] action = END_BLOCK_CHANGE 
2017-11-06 22:39:12.271+0100 [L: INFO] [O: Import] [I: BEGIN_BLOCK_CHANGE] [U: Administrator] [S: ] [T: http-nio-80-exec-1] action = BEGIN_BLOCK_CHANGE 
2017-11-06 22:39:12.271+0100 [L: INFO] [O: ModelTagVocabulary] [I: smartflowers] [U: Administrator] [S: ] [T: http-nio-80-exec-1] action = MODIFY, reason = header : isDynamic : updated_ 
2017-11-06 22:39:12.271+0100 [L: INFO] [O: Import] [I: END_BLOCK_CHANGE] [U: Administrator] [S: ] [T: http-nio-80-exec-1] action = END_BLOCK_CHANGE 
2017-11-06 22:40:52.045+0100 [L: INFO] [O: Import] [I: BEGIN_BLOCK_CHANGE] [U: Administrator] [S: ] [T: http-nio-80-exec-6] action = BEGIN_BLOCK_CHANGE 
2017-11-06 22:40:52.046+0100 [L: INFO] [O: Project] [I: Smart Flowers] [U: Administrator] [S: ] [T: http-nio-80-exec-6] action = CREATE, reason = header : name : updated, description : updated_ 
2017-11-06 22:40:52.046+0100 [L: INFO] [O: Import] [I: END_BLOCK_CHANGE] [U: Administrator] [S: ] [T: http-nio-80-exec-6] action = END_BLOCK_CHANGE 
2017-11-06 22:49:28.519+0100 [L: INFO] [O: Import] [I: BEGIN_BLOCK_CHANGE] [U: Administrator] [S: ] [T: http-nio-80-exec-3] action = BEGIN_BLOCK_CHANGE 
2017-11-06 22:49:28.520+0100 [L: INFO] [O: ThingTemplate] [I: Machine] [U: Administrator] [S: ] [T: http-nio-80-exec-3] action = CREATE, reason = header : baseThingTemplate : updated, name : updated, tags : updated_documentation : updated_ 
2017-11-06 22:49:28.520+0100 [L: INFO] [O: Import] [I: END_BLOCK_CHANGE] [U: Administrator] [S: ] [T: http-nio-80-exec-3] action = END_BLOCK_CHANGE 
2017-11-06 22:50:39.488+0100 [L: INFO] [O: Import] [I: BEGIN_BLOCK_CHANGE] [U: Administrator] [S: ] [T: http-nio-80-exec-6] action = BEGIN_BLOCK_CHANGE 
2017-11-06 22:50:39.488+0100 [L: INFO] [O: Project] [I: Smart Flowers] [U: Administrator] [S: ] [T: http-nio-80-exec-6] action = MODIFY, reason = header : tags : updated_ 
2017-11-06 22:50:39.488+0100 [L: INFO] [O: Import] [I: END_BLOCK_CHANGE] [U: Administrator] [S: ] [T: http-nio-80-exec-6] action = END_BLOCK_CHANGE 
2017-11-06 22:50:55.108+0100 [L: INFO] [O: Import] [I: BEGIN_BLOCK_CHANGE] [U: Administrator] [S: ] [T: http-nio-80-exec-7] action = BEGIN_BLOCK_CHANGE 
2017-11-06 22:50:55.108+0100 [L: INFO] [O: Project] [I: Smart Flowers] [U: Administrator] [S: ] [T: http-nio-80-exec-7] action = MODIFY 
2017-11-06 22:50:55.108+0100 [L: INFO] [O: Import] [I: END_BLOCK_CHANGE] [U: Administrator] [S: ] [T: http-nio-80-exec-7] action = END_BLOCK_CHANGE 
2017-11-06 23:35:23.765+0100 [L: INFO] [O: Import] [I: BEGIN_BLOCK_CHANGE] [U: Administrator] [S: ] [T: http-nio-80-exec-8] action = BEGIN_BLOCK_CHANGE 
2017-11-06 23:35:23.765+0100 [L: INFO] [O: Mashup] [I: Dashboard] [U: Administrator] [S: ] [T: http-nio-80-exec-8] action = CREATE, reason = header : name : updated, projectName : updated, tags : updated_documentation : updated_ 
2017-11-06 23:35:23.766+0100 [L: INFO] [O: Import] [I: END_BLOCK_CHANGE] [U: Administrator] [S: ] [T: http-nio-80-exec-8] action = END_BLOCK_CHANGE 
2017-11-06 23:36:31.156+0100 [L: INFO] [O: Import] [I: BEGIN_BLOCK_CHANGE] [U: Administrator] [S: ] [T: http-nio-80-exec-3] action = BEGIN_BLOCK_CHANGE 
2017-11-06 23:36:31.157+0100 [L: INFO] [O: DataShape] [I: Flowers] [U: Administrator] [S: ] [T: http-nio-80-exec-3] action = CREATE, reason = header : name : updated, projectName : updated, tags : updated_ 
2017-11-06 23:36:31.157+0100 [L: INFO] [O: Import] [I: END_BLOCK_CHANGE] [U: Administrator] [S: ] [T: http-nio-80-exec-3] action = END_BLOCK_CHANGE 
2017-11-06 23:44:50.093+0100 [L: INFO] [O: Import] [I: BEGIN_BLOCK_CHANGE] [U: Administrator] [S: ] [T: http-nio-80-exec-10] action = BEGIN_BLOCK_CHANGE 
2017-11-06 23:44:50.110+0100 [L: INFO] [O: DataShape] [I: Flowers] [U: Administrator] [S: ] [T: http-nio-80-exec-10] action = MODIFY, reason = fields : id : Added, Name : Added, Updated, soilMoisture : Added, Light : Added, Temperature : Added, Updated, if_water : Added, last_water : Added_ 
2017-11-06 23:44:50.110+0100 [L: INFO] [O: Import] [I: END_BLOCK_CHANGE] [U: Administrator] [S: ] [T: http-nio-80-exec-10] action = END_BLOCK_CHANGE 
2017-11-06 23:44:52.105+0100 [L: INFO] [O: Import] [I: BEGIN_BLOCK_CHANGE] [U: Administrator] [S: ] [T: http-nio-80-exec-6] action = BEGIN_BLOCK_CHANGE 
2017-11-06 23:44:52.108+0100 [L: INFO] [O: DataShape] [I: Flowers] [U: Administrator] [S: ] [T: http-nio-80-exec-6] action = MODIFY 
2017-11-06 23:44:52.109+0100 [L: INFO] [O: Import] [I: END_BLOCK_CHANGE] [U: Administrator] [S: ] [T: http-nio-80-exec-6] action = END_BLOCK_CHANGE 
2017-11-06 23:49:17.884+0100 [L: INFO] [O: Import] [I: BEGIN_BLOCK_CHANGE] [U: Administrator] [S: ] [T: http-nio-80-exec-10] action = BEGIN_BLOCK_CHANGE 
2017-11-06 23:49:17.885+0100 [L: INFO] [O: Thing] [I: FlowersData] [U: Administrator] [S: ] [T: http-nio-80-exec-10] action = CREATE, reason = header : name : updated, projectName : updated, tags : updated_configuration : persistenceProvider : updated, dataShape : updated_ 
2017-11-06 23:49:17.885+0100 [L: INFO] [O: Import] [I: END_BLOCK_CHANGE] [U: Administrator] [S: ] [T: http-nio-80-exec-10] action = END_BLOCK_CHANGE 
2017-11-06 23:55:09.995+0100 [L: INFO] [O: Import] [I: BEGIN_BLOCK_CHANGE] [U: Administrator] [S: ] [T: http-nio-80-exec-7] action = BEGIN_BLOCK_CHANGE 
2017-11-06 23:55:09.995+0100 [L: INFO] [O: Mashup] [I: Dashboard] [U: Administrator] [S: ] [T: http-nio-80-exec-7] action = MODIFY 
2017-11-06 23:55:09.995+0100 [L: INFO] [O: Import] [I: END_BLOCK_CHANGE] [U: Administrator] [S: ] [T: http-nio-80-exec-7] action = END_BLOCK_CHANGE 
2017-11-06 23:56:34.222+0100 [L: INFO] [O: Import] [I: BEGIN_BLOCK_CHANGE] [U: Administrator] [S: ] [T: http-nio-80-exec-10] action = BEGIN_BLOCK_CHANGE 
2017-11-06 23:56:34.223+0100 [L: INFO] [O: Mashup] [I: Dashboard] [U: Administrator] [S: ] [T: http-nio-80-exec-10] action = MODIFY 
2017-11-06 23:56:34.223+0100 [L: INFO] [O: Import] [I: END_BLOCK_CHANGE] [U: Administrator] [S: ] [T: http-nio-80-exec-10] action = END_BLOCK_CHANGE 
