2018-01-04 23:02:40.149+0100 [L: INFO] [O: c.t.s.ThingWorxBootstrapper] [I: ] [U: SuperUser] [S: ] [T: localhost-startStop-1] ========================================
2018-01-04 23:02:40.188+0100 [L: INFO] [O: c.t.s.ThingWorxBootstrapper] [I: ] [U: SuperUser] [S: ] [T: localhost-startStop-1] ThingWorx Version Information
2018-01-04 23:02:40.211+0100 [L: INFO] [O: c.t.s.ThingWorxBootstrapper] [I: ] [U: SuperUser] [S: ] [T: localhost-startStop-1] ========================================
2018-01-04 23:02:40.211+0100 [L: INFO] [O: c.t.s.ThingWorxBootstrapper] [I: ] [U: SuperUser] [S: ] [T: localhost-startStop-1] majorVersion = 8
2018-01-04 23:02:40.220+0100 [L: INFO] [O: c.t.s.ThingWorxBootstrapper] [I: ] [U: SuperUser] [S: ] [T: localhost-startStop-1] minorVersion = 0
2018-01-04 23:02:40.220+0100 [L: INFO] [O: c.t.s.ThingWorxBootstrapper] [I: ] [U: SuperUser] [S: ] [T: localhost-startStop-1] revision = 0
2018-01-04 23:02:40.220+0100 [L: INFO] [O: c.t.s.ThingWorxBootstrapper] [I: ] [U: SuperUser] [S: ] [T: localhost-startStop-1] build = b11
2018-01-04 23:02:40.220+0100 [L: INFO] [O: c.t.s.ThingWorxBootstrapper] [I: ] [U: SuperUser] [S: ] [T: localhost-startStop-1] schemaVersion = 1000
2018-01-04 23:02:40.227+0100 [L: INFO] [O: c.t.s.ThingWorxBootstrapper] [I: ] [U: SuperUser] [S: ] [T: localhost-startStop-1] ========================================
2018-01-04 23:02:40.227+0100 [L: INFO] [O: c.t.s.ThingWorxBootstrapper] [I: ] [U: SuperUser] [S: ] [T: localhost-startStop-1] ========================================
2018-01-04 23:02:40.228+0100 [L: INFO] [O: c.t.s.ThingWorxBootstrapper] [I: ] [U: SuperUser] [S: ] [T: localhost-startStop-1] ThingWorx System Environment Settings
2018-01-04 23:02:40.228+0100 [L: INFO] [O: c.t.s.ThingWorxBootstrapper] [I: ] [U: SuperUser] [S: ] [T: localhost-startStop-1] ========================================
2018-01-04 23:02:40.228+0100 [L: INFO] [O: c.t.s.ThingWorxBootstrapper] [I: ] [U: SuperUser] [S: ] [T: localhost-startStop-1] OS: Windows 10
2018-01-04 23:02:40.228+0100 [L: INFO] [O: c.t.s.ThingWorxBootstrapper] [I: ] [U: SuperUser] [S: ] [T: localhost-startStop-1] OS arch: amd64
2018-01-04 23:02:40.228+0100 [L: INFO] [O: c.t.s.ThingWorxBootstrapper] [I: ] [U: SuperUser] [S: ] [T: localhost-startStop-1] OS version: 10.0
2018-01-04 23:02:40.228+0100 [L: INFO] [O: c.t.s.ThingWorxBootstrapper] [I: ] [U: SuperUser] [S: ] [T: localhost-startStop-1] Total Processors: 4
2018-01-04 23:02:40.234+0100 [L: INFO] [O: c.t.s.ThingWorxBootstrapper] [I: ] [U: SuperUser] [S: ] [T: localhost-startStop-1] Default encoding: UTF-8
2018-01-04 23:02:40.234+0100 [L: INFO] [O: c.t.s.ThingWorxBootstrapper] [I: ] [U: SuperUser] [S: ] [T: localhost-startStop-1] JAVA vendor: Oracle Corporation
2018-01-04 23:02:40.234+0100 [L: INFO] [O: c.t.s.ThingWorxBootstrapper] [I: ] [U: SuperUser] [S: ] [T: localhost-startStop-1] JAVA version: 1.8.0_144
2018-01-04 23:02:40.234+0100 [L: INFO] [O: c.t.s.ThingWorxBootstrapper] [I: ] [U: SuperUser] [S: ] [T: localhost-startStop-1] JAVA install location: C:\Program Files\Java\jre1.8.0_144
2018-01-04 23:02:40.234+0100 [L: INFO] [O: c.t.s.ThingWorxBootstrapper] [I: ] [U: SuperUser] [S: ] [T: localhost-startStop-1] JVM Max Memory: 2024 (MB)
2018-01-04 23:02:40.235+0100 [L: INFO] [O: c.t.s.ThingWorxBootstrapper] [I: ] [U: SuperUser] [S: ] [T: localhost-startStop-1] ========================================
2018-01-04 23:02:40.235+0100 [L: INFO] [O: c.t.s.ThingWorxBootstrapper] [I: ] [U: SuperUser] [S: ] [T: localhost-startStop-1] WebApp starting...
2018-01-04 23:02:41.269+0100 [L: INFO] [O: c.t.s.ThingWorxServer] [I: ] [U: SuperUser] [S: ] [T: localhost-startStop-1] HA mode not enabled. Initializing and starting in standalone mode.
2018-01-04 23:02:41.269+0100 [L: INFO] [O: c.t.s.ThingWorxPersistenceHandler] [I: ] [U: SuperUser] [S: ] [T: localhost-startStop-1] Default Persistence Provider Name = ThingworxPersistenceProvider
2018-01-04 23:02:41.269+0100 [L: INFO] [O: c.t.s.ThingWorxPersistenceHandler] [I: ] [U: SuperUser] [S: ] [T: localhost-startStop-1] Default Persistence Provider Package Name = H2PersistenceProviderPackage
2018-01-04 23:02:42.618+0100 [L: INFO] [O: c.t.s.ThingWorxServer] [I: ] [U: SuperUser] [S: ] [T: localhost-startStop-1] Managers...INITIALIZED
2018-01-04 23:02:42.622+0100 [L: INFO] [O: c.t.s.ThingWorxServer] [I: ] [U: SuperUser] [S: ] [T: localhost-startStop-1] Database initialization started...
2018-01-04 23:02:42.756+0100 [L: INFO] [O: c.t.s.ThingWorxServer] [I: ] [U: SuperUser] [S: ] [T: localhost-startStop-1] System ownership locking started...
2018-01-04 23:02:42.757+0100 [L: INFO] [O: c.t.s.ThingWorxServer] [I: ] [U: SuperUser] [S: ] [T: localhost-startStop-1] System ownership locking complete
2018-01-04 23:02:42.917+0100 [L: INFO] [O: c.t.s.ThingWorxServer] [I: ] [U: SuperUser] [S: ] [T: localhost-startStop-1] Database initialization complete
2018-01-04 23:02:42.945+0100 [L: INFO] [O: c.t.s.ThingWorxServer] [I: ] [U: SuperUser] [S: ] [T: localhost-startStop-1] Subscriptions Store initialized.
2018-01-04 23:02:42.953+0100 [L: INFO] [O: c.t.s.ThingWorxServer] [I: ] [U: SuperUser] [S: ] [T: localhost-startStop-1] Initializing Collections...
2018-01-04 23:02:45.153+0100 [L: WARN] [O: c.t.p.Project] [I: ] [U: SuperUser] [S: ] [T: ForkJoinPool-22-worker-9] The project name of a project cannot be changed. It must be set to itself
2018-01-04 23:02:47.445+0100 [L: INFO] [O: c.t.s.s.s.SCIMSubsystem] [I: ] [U: SuperUser] [S: ] [T: ForkJoinPool-31-worker-9] Non-SSO, SCIMSubsystem can be started.
2018-01-04 23:02:47.445+0100 [L: INFO] [O: c.t.s.s.s.SCIMSubsystem] [I: ] [U: SuperUser] [S: ] [T: ForkJoinPool-31-worker-9] Non-SSO, SCIMSubsystem can be started.
2018-01-04 23:02:47.762+0100 [L: INFO] [O: c.t.s.ThingWorxServer] [I: ] [U: SuperUser] [S: ] [T: localhost-startStop-1] Initializing Scheduler Engine...
2018-01-04 23:02:47.765+0100 [L: INFO] [O: c.t.s.ThingWorxServer] [I: ] [U: SuperUser] [S: ] [T: localhost-startStop-1] Initializing Entities...
2018-01-04 23:02:47.780+0100 [L: INFO] [O: c.t.s.m.BaseManager] [I: ] [U: SuperUser] [S: ] [T: localhost-startStop-1] Initializing ModelTags...
2018-01-04 23:02:47.819+0100 [L: INFO] [O: c.t.s.m.BaseManager] [I: ] [U: SuperUser] [S: ] [T: localhost-startStop-1] Initializing DataTags...
2018-01-04 23:02:47.819+0100 [L: INFO] [O: c.t.s.m.BaseManager] [I: ] [U: SuperUser] [S: ] [T: localhost-startStop-1] Initializing Groups...
2018-01-04 23:02:47.829+0100 [L: INFO] [O: c.t.s.m.BaseManager] [I: ] [U: SuperUser] [S: ] [T: localhost-startStop-1] Initializing Users...
2018-01-04 23:02:47.850+0100 [L: INFO] [O: c.t.s.m.BaseManager] [I: ] [U: SuperUser] [S: ] [T: localhost-startStop-1] Initializing Organizations...
2018-01-04 23:02:47.865+0100 [L: INFO] [O: c.t.s.m.BaseManager] [I: ] [U: SuperUser] [S: ] [T: localhost-startStop-1] Initializing Logs...
2018-01-04 23:02:47.875+0100 [L: INFO] [O: c.t.s.m.BaseManager] [I: ] [U: SuperUser] [S: ] [T: localhost-startStop-1] Initializing DataShapes...
2018-01-04 23:02:47.911+0100 [L: INFO] [O: c.t.s.m.BaseManager] [I: ] [U: SuperUser] [S: ] [T: localhost-startStop-1] Initializing ThingShapes...
2018-01-04 23:02:48.098+0100 [L: INFO] [O: c.t.s.m.BaseManager] [I: ] [U: SuperUser] [S: ] [T: localhost-startStop-1] Initializing ThingPackages...
2018-01-04 23:02:48.956+0100 [L: INFO] [O: c.t.s.m.BaseManager] [I: ] [U: SuperUser] [S: ] [T: localhost-startStop-1] Initializing ThingTemplates...
2018-01-04 23:02:49.285+0100 [L: INFO] [O: c.t.s.m.BaseManager] [I: ] [U: SuperUser] [S: ] [T: localhost-startStop-1] Initializing DataAnalysisDefinitions...
2018-01-04 23:02:49.285+0100 [L: INFO] [O: c.t.s.m.BaseManager] [I: ] [U: SuperUser] [S: ] [T: localhost-startStop-1] Initializing ApplicationKeys...
2018-01-04 23:02:49.286+0100 [L: INFO] [O: c.t.s.m.BaseManager] [I: ] [U: SuperUser] [S: ] [T: localhost-startStop-1] Initializing Dashboards...
2018-01-04 23:02:49.286+0100 [L: INFO] [O: c.t.s.m.BaseManager] [I: ] [U: SuperUser] [S: ] [T: localhost-startStop-1] Initializing LocalizationTables...
2018-01-04 23:02:49.288+0100 [L: INFO] [O: c.t.s.m.BaseManager] [I: ] [U: SuperUser] [S: ] [T: localhost-startStop-1] Initializing StateDefinitions...
2018-01-04 23:02:49.297+0100 [L: INFO] [O: c.t.s.m.BaseManager] [I: ] [U: SuperUser] [S: ] [T: localhost-startStop-1] Initializing StyleDefinitions...
2018-01-04 23:02:49.311+0100 [L: INFO] [O: c.t.s.m.BaseManager] [I: ] [U: SuperUser] [S: ] [T: localhost-startStop-1] Initializing Widgets...
2018-01-04 23:02:49.312+0100 [L: INFO] [O: c.t.s.m.BaseManager] [I: ] [U: SuperUser] [S: ] [T: localhost-startStop-1] Initializing Mashups...
2018-01-04 23:02:49.322+0100 [L: INFO] [O: c.t.s.m.BaseManager] [I: ] [U: SuperUser] [S: ] [T: localhost-startStop-1] Initializing Menus...
2018-01-04 23:02:49.331+0100 [L: INFO] [O: c.t.s.m.BaseManager] [I: ] [U: SuperUser] [S: ] [T: localhost-startStop-1] Initializing MediaEntities...
2018-01-04 23:02:49.354+0100 [L: INFO] [O: c.t.s.m.BaseManager] [I: ] [U: SuperUser] [S: ] [T: localhost-startStop-1] Initializing Projects...
2018-01-04 23:02:49.361+0100 [L: WARN] [O: c.t.e.RootEntity] [I: ] [U: SuperUser] [S: ] [T: ForkJoinPool-1-worker-0] Entity [Smart Flowers] changed its project name from [Smart Flowers] to [Smart Flowers]
2018-01-04 23:02:49.361+0100 [L: INFO] [O: c.t.s.m.BaseManager] [I: ] [U: SuperUser] [S: ] [T: localhost-startStop-1] Initializing Networks...
2018-01-04 23:02:49.361+0100 [L: INFO] [O: c.t.s.m.BaseManager] [I: ] [U: SuperUser] [S: ] [T: localhost-startStop-1] Initializing ExtensionPackages...
2018-01-04 23:02:49.362+0100 [L: INFO] [O: c.t.s.m.BaseManager] [I: ] [U: SuperUser] [S: ] [T: localhost-startStop-1] Initializing Authenticators...
2018-01-04 23:02:49.363+0100 [L: INFO] [O: c.t.s.m.BaseManager] [I: ] [U: SuperUser] [S: ] [T: localhost-startStop-1] Initializing PersistenceProviderPackages...
2018-01-04 23:02:49.386+0100 [L: INFO] [O: c.t.s.m.BaseManager] [I: ] [U: SuperUser] [S: ] [T: localhost-startStop-1] Initializing PersistenceProviders...
2018-01-04 23:02:49.536+0100 [L: INFO] [O: c.t.p.p.PersistenceProvider] [I: ] [U: SuperUser] [S: ] [T: ForkJoinPool-1-worker-3] Connection ThingworxPersistenceProvider, type H2PersistenceProviderPackage started
2018-01-04 23:02:49.543+0100 [L: INFO] [O: c.t.p.p.PersistenceProvider] [I: ] [U: SuperUser] [S: ] [T: ForkJoinPool-1-worker-3] PersistenceProvider - ThingworxPersistenceProvider - Data Processing (ValueStreamEntry) is starting
2018-01-04 23:02:49.546+0100 [L: INFO] [O: c.t.p.p.PersistenceProvider] [I: ] [U: SuperUser] [S: ] [T: ForkJoinPool-1-worker-3] PersistenceProvider - ThingworxPersistenceProvider - Data Processing (ValueStreamEntry) is started
2018-01-04 23:02:49.550+0100 [L: INFO] [O: c.t.p.p.PersistenceProvider] [I: ] [U: SuperUser] [S: ] [T: ForkJoinPool-1-worker-3] PersistenceProvider - ThingworxPersistenceProvider - Data Processing (StreamEntry) is starting
2018-01-04 23:02:49.550+0100 [L: INFO] [O: c.t.p.p.PersistenceProvider] [I: ] [U: SuperUser] [S: ] [T: ForkJoinPool-1-worker-3] PersistenceProvider - ThingworxPersistenceProvider - Data Processing (StreamEntry) is started
2018-01-04 23:02:49.551+0100 [L: INFO] [O: c.t.s.m.BaseManager] [I: ] [U: SuperUser] [S: ] [T: localhost-startStop-1] Initializing DirectoryServices...
2018-01-04 23:02:49.551+0100 [L: INFO] [O: c.t.s.m.BaseManager] [I: ] [U: SuperUser] [S: ] [T: localhost-startStop-1] Initializing Resources...
2018-01-04 23:02:49.654+0100 [L: INFO] [O: c.t.s.m.BaseManager] [I: ] [U: SuperUser] [S: ] [T: localhost-startStop-1] Initializing ScriptFunctionLibraries...
2018-01-04 23:02:49.660+0100 [L: INFO] [O: c.t.s.m.BaseManager] [I: ] [U: SuperUser] [S: ] [T: localhost-startStop-1] Initializing Subsystems...
2018-01-04 23:02:49.671+0100 [L: INFO] [O: c.t.s.s.a.AlertProcessingSubsystem] [I: ] [U: SuperUser] [S: ] [T: ForkJoinPool-1-worker-1] Initializing Alert Subsystem...
2018-01-04 23:02:49.702+0100 [L: INFO] [O: c.t.s.s.u.UserManagementSubsystem] [I: ] [U: SuperUser] [S: ] [T: ForkJoinPool-1-worker-0] Initializing User Management Subsystem...
2018-01-04 23:02:49.709+0100 [L: INFO] [O: c.t.s.s.m.MessageStoreSubsystem] [I: ] [U: SuperUser] [S: ] [T: ForkJoinPool-1-worker-3] Message Store Async task created [pool size: 10, thread idle timeout: 600000]
2018-01-04 23:02:49.727+0100 [L: INFO] [O: c.t.s.s.t.e.TunnelTracker] [I: ] [U: SuperUser] [S: ] [T: ForkJoinPool-1-worker-0] Creating new Tunnel Tracker
2018-01-04 23:02:49.766+0100 [L: INFO] [O: c.t.s.s.e.EventProcessingSubsystem] [I: ] [U: SuperUser] [S: ] [T: ForkJoinPool-1-worker-0] Initializing Event Router...
2018-01-04 23:02:49.813+0100 [L: INFO] [O: c.t.c.Scheduler] [I: ] [U: SuperUser] [S: ] [T: ForkJoinPool-1-worker-1] Scheduler, job "Import", starting with 2 threads
2018-01-04 23:02:49.813+0100 [L: INFO] [O: c.t.c.Scheduler] [I: ] [U: SuperUser] [S: ] [T: ForkJoinPool-1-worker-1] Scheduler, job "Export", starting with 2 threads
2018-01-04 23:02:49.860+0100 [L: INFO] [O: c.t.s.m.BaseManager] [I: ] [U: SuperUser] [S: ] [T: localhost-startStop-1] Initializing Things...
2018-01-04 23:02:49.873+0100 [L: INFO] [O: c.t.s.m.BaseManager] [I: ] [U: SuperUser] [S: ] [T: localhost-startStop-1] Initializing NotificationContents...
2018-01-04 23:02:49.874+0100 [L: INFO] [O: c.t.s.m.BaseManager] [I: ] [U: SuperUser] [S: ] [T: localhost-startStop-1] Initializing NotificationDefinitions...
2018-01-04 23:02:49.874+0100 [L: INFO] [O: c.t.s.ThingWorxServer] [I: ] [U: SuperUser] [S: ] [T: localhost-startStop-1] Cleaning up legacy entities...
2018-01-04 23:02:49.874+0100 [L: INFO] [O: c.t.s.ThingWorxServer] [I: ] [U: SuperUser] [S: ] [T: localhost-startStop-1] Checking default permissions...
2018-01-04 23:02:49.895+0100 [L: INFO] [O: c.t.s.ThingWorxServer] [I: ] [U: SuperUser] [S: ] [T: localhost-startStop-1] Initializing Thing Shapes...
2018-01-04 23:02:49.935+0100 [L: INFO] [O: c.t.s.ThingWorxServer] [I: ] [U: SuperUser] [S: ] [T: localhost-startStop-1] Initializing Thing Packages...
2018-01-04 23:02:50.268+0100 [L: INFO] [O: c.t.s.ThingWorxServer] [I: ] [U: SuperUser] [S: ] [T: localhost-startStop-1] Initializing Thing Templates...
2018-01-04 23:02:50.704+0100 [L: INFO] [O: c.t.s.ThingWorxServer] [I: ] [U: SuperUser] [S: ] [T: localhost-startStop-1] Initializing caching...
2018-01-04 23:02:50.737+0100 [L: INFO] [O: c.t.s.ThingWorxServer] [I: ] [U: SuperUser] [S: ] [T: localhost-startStop-1] Initializing Things...
2018-01-04 23:02:50.794+0100 [L: INFO] [O: c.t.s.s.i.SubscriptionStoreInMemoryThreadSafe] [I: ] [U: SuperUser] [S: ] [T: ForkJoinPool-1-worker-0] Subscription was added to the store
2018-01-04 23:02:50.807+0100 [L: INFO] [O: c.t.s.s.i.SubscriptionStoreInMemoryThreadSafe] [I: ] [U: SuperUser] [S: ] [T: ForkJoinPool-1-worker-1] Subscription was added to the store
2018-01-04 23:02:50.809+0100 [L: INFO] [O: c.t.s.s.i.SubscriptionStoreInMemoryThreadSafe] [I: ] [U: SuperUser] [S: ] [T: ForkJoinPool-1-worker-1] Subscription was added to the store
2018-01-04 23:02:50.929+0100 [L: INFO] [O: c.t.s.s.i.SubscriptionStoreInMemoryThreadSafe] [I: ] [U: SuperUser] [S: ] [T: ForkJoinPool-1-worker-1] Subscription was added to the store
2018-01-04 23:02:50.930+0100 [L: INFO] [O: c.t.s.ThingWorxServer] [I: ] [U: SuperUser] [S: ] [T: localhost-startStop-1] Clearing caching...
2018-01-04 23:02:50.934+0100 [L: INFO] [O: c.t.s.ThingWorxServer] [I: ] [U: SuperUser] [S: ] [T: localhost-startStop-1] Initializing Reference Caches...
2018-01-04 23:02:51.013+0100 [L: INFO] [O: c.t.s.ThingWorxServer] [I: ] [U: SuperUser] [S: ] [T: localhost-startStop-1] Starting Scheduler Engine...
2018-01-04 23:02:51.173+0100 [L: INFO] [O: c.t.s.ThingWorxServer] [I: ] [U: SuperUser] [S: ] [T: localhost-startStop-1] ========================================
2018-01-04 23:02:51.174+0100 [L: INFO] [O: c.t.s.ThingWorxServer] [I: ] [U: SuperUser] [S: ] [T: localhost-startStop-1] Starting Platform Subsystems
2018-01-04 23:02:51.174+0100 [L: INFO] [O: c.t.s.ThingWorxServer] [I: ] [U: SuperUser] [S: ] [T: localhost-startStop-1] ========================================
2018-01-04 23:02:51.174+0100 [L: INFO] [O: c.t.s.ThingWorxServer] [I: ] [U: SuperUser] [S: ] [T: localhost-startStop-1] Subsystem ValueStreamProcessingSubsystem is starting
2018-01-04 23:02:51.174+0100 [L: INFO] [O: c.t.s.s.Subsystem] [I: ] [U: SuperUser] [S: ] [T: localhost-startStop-1] Starting Subsystem [ValueStreamProcessingSubsystem]
2018-01-04 23:02:51.174+0100 [L: INFO] [O: c.t.s.ThingWorxServer] [I: ] [U: SuperUser] [S: ] [T: localhost-startStop-1] Subsystem ValueStreamProcessingSubsystem is started
2018-01-04 23:02:51.174+0100 [L: INFO] [O: c.t.s.ThingWorxServer] [I: ] [U: SuperUser] [S: ] [T: localhost-startStop-1] Subsystem WSCommunicationsSubsystem is starting
2018-01-04 23:02:51.174+0100 [L: INFO] [O: c.t.s.s.Subsystem] [I: ] [U: SuperUser] [S: ] [T: localhost-startStop-1] Starting Subsystem [WSCommunicationsSubsystem]
2018-01-04 23:02:51.175+0100 [L: INFO] [O: c.t.c.p.m.DispatchingServerCommunicationModule] [I: ] [U: SuperUser] [S: ] [T: localhost-startStop-1] Registering as EndpointBinding Registry Observer
2018-01-04 23:02:51.176+0100 [L: INFO] [O: c.t.c.c.m.CommunicationModuleBase] [I: ] [U: SuperUser] [S: ] [T: localhost-startStop-1] Started DispatchingServerCommunicationModule [Running: true]
2018-01-04 23:02:51.178+0100 [L: INFO] [O: c.t.s.ThingWorxServer] [I: ] [U: SuperUser] [S: ] [T: localhost-startStop-1] Subsystem WSCommunicationsSubsystem is started
2018-01-04 23:02:51.178+0100 [L: INFO] [O: c.t.s.ThingWorxServer] [I: ] [U: SuperUser] [S: ] [T: localhost-startStop-1] Subsystem UserManagementSubsystem is starting
2018-01-04 23:02:51.189+0100 [L: INFO] [O: c.t.s.s.Subsystem] [I: ] [U: SuperUser] [S: ] [T: localhost-startStop-1] Starting Subsystem [UserManagementSubsystem]
2018-01-04 23:02:51.189+0100 [L: INFO] [O: c.t.s.ThingWorxServer] [I: ] [U: SuperUser] [S: ] [T: localhost-startStop-1] Subsystem UserManagementSubsystem is started
2018-01-04 23:02:51.190+0100 [L: INFO] [O: c.t.s.ThingWorxServer] [I: ] [U: SuperUser] [S: ] [T: localhost-startStop-1] Subsystem TunnelSubsystem is starting
2018-01-04 23:02:51.190+0100 [L: INFO] [O: c.t.s.s.Subsystem] [I: ] [U: SuperUser] [S: ] [T: localhost-startStop-1] Starting Subsystem [TunnelSubsystem]
2018-01-04 23:02:51.190+0100 [L: INFO] [O: c.t.s.ThingWorxServer] [I: ] [U: SuperUser] [S: ] [T: localhost-startStop-1] Subsystem TunnelSubsystem is started
2018-01-04 23:02:51.190+0100 [L: INFO] [O: c.t.s.ThingWorxServer] [I: ] [U: SuperUser] [S: ] [T: localhost-startStop-1] Subsystem MessageStoreSubsystem is starting
2018-01-04 23:02:51.190+0100 [L: INFO] [O: c.t.s.s.Subsystem] [I: ] [U: SuperUser] [S: ] [T: localhost-startStop-1] Starting Subsystem [MessageStoreSubsystem]
2018-01-04 23:02:51.190+0100 [L: INFO] [O: c.t.s.ThingWorxServer] [I: ] [U: SuperUser] [S: ] [T: localhost-startStop-1] Subsystem MessageStoreSubsystem is started
2018-01-04 23:02:51.190+0100 [L: INFO] [O: c.t.s.ThingWorxServer] [I: ] [U: SuperUser] [S: ] [T: localhost-startStop-1] Subsystem LicensingSubsystem is starting
2018-01-04 23:02:51.190+0100 [L: INFO] [O: c.t.s.s.Subsystem] [I: ] [U: SuperUser] [S: ] [T: localhost-startStop-1] Starting Subsystem [LicensingSubsystem]
2018-01-04 23:02:56.050+0100 [L: INFO] [O: c.t.s.s.l.TrialLicenseManager] [I: ] [U: SuperUser] [S: ] [T: localhost-startStop-1] Trial has already been loaded and will expire on 01/27/2018 11:59:00 PM
2018-01-04 23:02:56.283+0100 [L: INFO] [O: c.t.s.s.l.LicenseManager] [I: ] [U: SuperUser] [S: ] [T: localhost-startStop-1] Successfully acquired feature twx_composer, version 8.0, count 2147483647
2018-01-04 23:02:56.341+0100 [L: INFO] [O: c.t.s.s.l.LicenseManager] [I: ] [U: SuperUser] [S: ] [T: localhost-startStop-1] Successfully acquired feature twx_mashup_builder, version 8.0, count 2147483647
2018-01-04 23:02:56.378+0100 [L: INFO] [O: c.t.s.s.l.LicenseManager] [I: ] [U: SuperUser] [S: ] [T: localhost-startStop-1] Successfully acquired feature twx_named_user, version 8.0, count 5
2018-01-04 23:02:56.412+0100 [L: INFO] [O: c.t.s.s.l.LicenseManager] [I: ] [U: SuperUser] [S: ] [T: localhost-startStop-1] Successfully acquired feature twx_things, version 8.0, count 150
2018-01-04 23:02:56.454+0100 [L: INFO] [O: c.t.s.s.l.LicenseManager] [I: ] [U: SuperUser] [S: ] [T: localhost-startStop-1] Successfully acquired feature twx_utilities, version 8.0, count 2147483647
2018-01-04 23:02:56.497+0100 [L: INFO] [O: c.t.s.s.l.LicenseManager] [I: ] [U: SuperUser] [S: ] [T: localhost-startStop-1] Successfully acquired feature twx_utilities_scm, version 8.0, count 10
2018-01-04 23:02:56.534+0100 [L: INFO] [O: c.t.s.s.l.LicenseManager] [I: ] [U: SuperUser] [S: ] [T: localhost-startStop-1] Successfully acquired feature twx_utilities_workflows, version 8.0, count 10
2018-01-04 23:02:56.660+0100 [L: INFO] [O: c.t.s.ThingWorxServer] [I: ] [U: SuperUser] [S: ] [T: localhost-startStop-1] Subsystem LicensingSubsystem is started
2018-01-04 23:02:56.661+0100 [L: INFO] [O: c.t.s.ThingWorxServer] [I: ] [U: SuperUser] [S: ] [T: localhost-startStop-1] Subsystem FederationSubsystem is starting
2018-01-04 23:02:56.661+0100 [L: INFO] [O: c.t.s.s.Subsystem] [I: ] [U: SuperUser] [S: ] [T: localhost-startStop-1] Starting Subsystem [FederationSubsystem]
2018-01-04 23:02:56.662+0100 [L: INFO] [O: c.t.s.ThingWorxServer] [I: ] [U: SuperUser] [S: ] [T: localhost-startStop-1] Subsystem FederationSubsystem is started
2018-01-04 23:02:56.662+0100 [L: INFO] [O: c.t.s.ThingWorxServer] [I: ] [U: SuperUser] [S: ] [T: localhost-startStop-1] Subsystem LoggingSubsystem is starting
2018-01-04 23:02:56.662+0100 [L: INFO] [O: c.t.s.s.Subsystem] [I: ] [U: SuperUser] [S: ] [T: localhost-startStop-1] Starting Subsystem [LoggingSubsystem]
2018-01-04 23:02:56.662+0100 [L: INFO] [O: c.t.s.ThingWorxServer] [I: ] [U: SuperUser] [S: ] [T: localhost-startStop-1] Subsystem LoggingSubsystem is started
2018-01-04 23:02:56.662+0100 [L: INFO] [O: c.t.s.ThingWorxServer] [I: ] [U: SuperUser] [S: ] [T: localhost-startStop-1] Subsystem AlertProcessingSubsystem is starting
2018-01-04 23:02:56.663+0100 [L: INFO] [O: c.t.s.s.Subsystem] [I: ] [U: SuperUser] [S: ] [T: localhost-startStop-1] Starting Subsystem [AlertProcessingSubsystem]
2018-01-04 23:02:56.663+0100 [L: INFO] [O: c.t.s.s.a.AlertProcessingSubsystem] [I: ] [U: SuperUser] [S: ] [T: localhost-startStop-1] Starting Alert Processor...
2018-01-04 23:02:56.663+0100 [L: INFO] [O: c.t.s.ThingWorxServer] [I: ] [U: SuperUser] [S: ] [T: localhost-startStop-1] Subsystem AlertProcessingSubsystem is started
2018-01-04 23:02:56.663+0100 [L: INFO] [O: c.t.s.ThingWorxServer] [I: ] [U: SuperUser] [S: ] [T: localhost-startStop-1] Subsystem ExportImportSubsystem is starting
2018-01-04 23:02:56.663+0100 [L: INFO] [O: c.t.s.s.Subsystem] [I: ] [U: SuperUser] [S: ] [T: localhost-startStop-1] Starting Subsystem [ExportImportSubsystem]
2018-01-04 23:02:56.663+0100 [L: INFO] [O: c.t.s.ThingWorxServer] [I: ] [U: SuperUser] [S: ] [T: localhost-startStop-1] Subsystem ExportImportSubsystem is started
2018-01-04 23:02:56.695+0100 [L: INFO] [O: c.t.s.ThingWorxServer] [I: ] [U: SuperUser] [S: ] [T: localhost-startStop-1] Subsystem IntegrationSubsystem is starting
2018-01-04 23:02:56.695+0100 [L: INFO] [O: c.t.s.s.Subsystem] [I: ] [U: SuperUser] [S: ] [T: localhost-startStop-1] Starting Subsystem [IntegrationSubsystem]
2018-01-04 23:02:56.695+0100 [L: INFO] [O: c.t.s.ThingWorxServer] [I: ] [U: SuperUser] [S: ] [T: localhost-startStop-1] Subsystem IntegrationSubsystem is started
2018-01-04 23:02:56.695+0100 [L: INFO] [O: c.t.s.ThingWorxServer] [I: ] [U: SuperUser] [S: ] [T: localhost-startStop-1] Subsystem PlatformSubsystem is starting
2018-01-04 23:02:56.695+0100 [L: INFO] [O: c.t.s.s.Subsystem] [I: ] [U: SuperUser] [S: ] [T: localhost-startStop-1] Starting Subsystem [PlatformSubsystem]
2018-01-04 23:02:56.697+0100 [L: INFO] [O: c.t.s.ThingWorxServer] [I: ] [U: SuperUser] [S: ] [T: localhost-startStop-1] Subsystem PlatformSubsystem is started
2018-01-04 23:02:56.697+0100 [L: INFO] [O: c.t.s.ThingWorxServer] [I: ] [U: SuperUser] [S: ] [T: localhost-startStop-1] Subsystem EventProcessingSubsystem is starting
2018-01-04 23:02:56.697+0100 [L: INFO] [O: c.t.s.s.Subsystem] [I: ] [U: SuperUser] [S: ] [T: localhost-startStop-1] Starting Subsystem [EventProcessingSubsystem]
2018-01-04 23:02:56.698+0100 [L: INFO] [O: c.t.s.s.e.EventProcessingSubsystem] [I: ] [U: SuperUser] [S: ] [T: localhost-startStop-1] Starting Event Router...
2018-01-04 23:02:56.707+0100 [L: INFO] [O: c.t.s.ThingWorxServer] [I: ] [U: SuperUser] [S: ] [T: localhost-startStop-1] Subsystem EventProcessingSubsystem is started
2018-01-04 23:02:56.707+0100 [L: INFO] [O: c.t.s.ThingWorxServer] [I: ] [U: SuperUser] [S: ] [T: localhost-startStop-1] Subsystem StreamProcessingSubsystem is starting
2018-01-04 23:02:56.708+0100 [L: INFO] [O: c.t.s.s.Subsystem] [I: ] [U: SuperUser] [S: ] [T: localhost-startStop-1] Starting Subsystem [StreamProcessingSubsystem]
2018-01-04 23:02:56.708+0100 [L: INFO] [O: c.t.s.ThingWorxServer] [I: ] [U: SuperUser] [S: ] [T: localhost-startStop-1] Subsystem StreamProcessingSubsystem is started
2018-01-04 23:02:56.708+0100 [L: INFO] [O: c.t.s.ThingWorxServer] [I: ] [U: SuperUser] [S: ] [T: localhost-startStop-1] Subsystem WSExecutionProcessingSubsystem is starting
2018-01-04 23:02:56.708+0100 [L: INFO] [O: c.t.s.s.Subsystem] [I: ] [U: SuperUser] [S: ] [T: localhost-startStop-1] Starting Subsystem [WSExecutionProcessingSubsystem]
2018-01-04 23:02:56.711+0100 [L: INFO] [O: c.t.s.ThingWorxServer] [I: ] [U: SuperUser] [S: ] [T: localhost-startStop-1] Subsystem WSExecutionProcessingSubsystem is started
2018-01-04 23:02:56.740+0100 [L: INFO] [O: c.t.s.ThingWorxServer] [I: ] [U: SuperUser] [S: ] [T: localhost-startStop-1] Subsystem FileTransferSubsystem is starting
2018-01-04 23:02:56.740+0100 [L: INFO] [O: c.t.s.s.Subsystem] [I: ] [U: SuperUser] [S: ] [T: localhost-startStop-1] Starting Subsystem [FileTransferSubsystem]
2018-01-04 23:02:56.746+0100 [L: INFO] [O: c.t.s.s.f.e.TransferTracker] [I: ] [U: SuperUser] [S: ] [T: localhost-startStop-1] Creating new Transfer Tracker
2018-01-04 23:02:56.762+0100 [L: INFO] [O: c.t.s.ThingWorxServer] [I: ] [U: SuperUser] [S: ] [T: localhost-startStop-1] Subsystem FileTransferSubsystem is started
2018-01-04 23:02:56.763+0100 [L: INFO] [O: c.t.s.ThingWorxServer] [I: ] [U: SuperUser] [S: ] [T: localhost-startStop-1] Subsystem SCIMSubsystem autostart is off
2018-01-04 23:02:56.763+0100 [L: INFO] [O: c.t.s.ThingWorxServer] [I: ] [U: SuperUser] [S: ] [T: localhost-startStop-1] ========================================
2018-01-04 23:02:56.763+0100 [L: INFO] [O: c.t.s.s.m.MessageStoreSubsystem] [I: ] [U: SuperUser] [S: ] [T: localhost-startStop-1] MessageStore Subsystem Settings
2018-01-04 23:02:56.763+0100 [L: INFO] [O: c.t.s.s.m.MessageStoreSubsystem] [I: ] [U: SuperUser] [S: ] [T: localhost-startStop-1] ----------------------------------------
2018-01-04 23:02:56.763+0100 [L: INFO] [O: c.t.s.s.m.MessageStoreSubsystem] [I: ] [U: SuperUser] [S: ] [T: localhost-startStop-1] Thread Pool Minimum Size = 10
2018-01-04 23:02:56.763+0100 [L: INFO] [O: c.t.s.s.m.MessageStoreSubsystem] [I: ] [U: SuperUser] [S: ] [T: localhost-startStop-1] Thread Pool Maximum Size = 100
2018-01-04 23:02:56.763+0100 [L: INFO] [O: c.t.s.s.m.MessageStoreSubsystem] [I: ] [U: SuperUser] [S: ] [T: localhost-startStop-1] Max Queue Size = 100
2018-01-04 23:02:56.766+0100 [L: INFO] [O: c.t.s.s.m.MessageStoreSubsystem] [I: ] [U: SuperUser] [S: ] [T: localhost-startStop-1] Max Thread Life = 600000
2018-01-04 23:02:56.766+0100 [L: INFO] [O: c.t.s.s.m.MessageStoreSubsystem] [I: ] [U: SuperUser] [S: ] [T: localhost-startStop-1] Max Message Count = 1000
2018-01-04 23:02:56.766+0100 [L: INFO] [O: c.t.s.s.m.MessageStoreSubsystem] [I: ] [U: SuperUser] [S: ] [T: localhost-startStop-1] ----------------------------------------
2018-01-04 23:02:56.766+0100 [L: INFO] [O: c.t.s.s.w.WSExecutionProcessingSubsystem] [I: ] [U: SuperUser] [S: ] [T: localhost-startStop-1] WSExecutionProcessing Subsystem Settings
2018-01-04 23:02:56.767+0100 [L: INFO] [O: c.t.s.s.w.WSExecutionProcessingSubsystem] [I: ] [U: SuperUser] [S: ] [T: localhost-startStop-1] ----------------------------------------
2018-01-04 23:02:56.805+0100 [L: INFO] [O: c.t.s.s.w.WSExecutionProcessingSubsystem] [I: ] [U: SuperUser] [S: ] [T: localhost-startStop-1] Thread Pool Minimum Size = 1000
2018-01-04 23:02:56.806+0100 [L: INFO] [O: c.t.s.s.w.WSExecutionProcessingSubsystem] [I: ] [U: SuperUser] [S: ] [T: localhost-startStop-1] Thread Pool Maximum Size = 10000
2018-01-04 23:02:56.806+0100 [L: INFO] [O: c.t.s.s.w.WSExecutionProcessingSubsystem] [I: ] [U: SuperUser] [S: ] [T: localhost-startStop-1] Max Queue Size = 100000
2018-01-04 23:02:56.806+0100 [L: INFO] [O: c.t.s.s.w.WSExecutionProcessingSubsystem] [I: ] [U: SuperUser] [S: ] [T: localhost-startStop-1] Max Thread Life = 600000
2018-01-04 23:02:56.806+0100 [L: INFO] [O: c.t.s.s.w.WSExecutionProcessingSubsystem] [I: ] [U: SuperUser] [S: ] [T: localhost-startStop-1] ----------------------------------------
2018-01-04 23:02:56.806+0100 [L: INFO] [O: c.t.s.s.f.FileTransferSubsystem] [I: ] [U: SuperUser] [S: ] [T: localhost-startStop-1] FileTransfer Subsystem Settings
2018-01-04 23:02:56.806+0100 [L: INFO] [O: c.t.s.s.f.FileTransferSubsystem] [I: ] [U: SuperUser] [S: ] [T: localhost-startStop-1] ----------------------------------------
2018-01-04 23:02:56.806+0100 [L: INFO] [O: c.t.s.s.f.FileTransferSubsystem] [I: ] [U: SuperUser] [S: ] [T: localhost-startStop-1] Thread Pool Minimum Size = 10
2018-01-04 23:02:56.806+0100 [L: INFO] [O: c.t.s.s.f.FileTransferSubsystem] [I: ] [U: SuperUser] [S: ] [T: localhost-startStop-1] Thread Pool Maximum Size = 10
2018-01-04 23:02:56.806+0100 [L: INFO] [O: c.t.s.s.f.FileTransferSubsystem] [I: ] [U: SuperUser] [S: ] [T: localhost-startStop-1] Max Queue Size = 100
2018-01-04 23:02:56.807+0100 [L: INFO] [O: c.t.s.s.f.FileTransferSubsystem] [I: ] [U: SuperUser] [S: ] [T: localhost-startStop-1] Max Thread Life = 600000
2018-01-04 23:02:56.807+0100 [L: INFO] [O: c.t.s.s.f.FileTransferSubsystem] [I: ] [U: SuperUser] [S: ] [T: localhost-startStop-1] File Transfer Idle Timeout = 30000
2018-01-04 23:02:56.807+0100 [L: INFO] [O: c.t.s.s.f.FileTransferSubsystem] [I: ] [U: SuperUser] [S: ] [T: localhost-startStop-1] Max File Transfer Size = 100000000
2018-01-04 23:02:56.807+0100 [L: INFO] [O: c.t.s.s.f.FileTransferSubsystem] [I: ] [U: SuperUser] [S: ] [T: localhost-startStop-1] Max File Transfers Allowed in Offline Queue = 50000
2018-01-04 23:02:56.807+0100 [L: INFO] [O: c.t.s.s.f.FileTransferSubsystem] [I: ] [U: SuperUser] [S: ] [T: localhost-startStop-1] Max File Transfers Allowed Per Thing in Offline Queue = 10
2018-01-04 23:02:56.807+0100 [L: INFO] [O: c.t.s.s.f.FileTransferSubsystem] [I: ] [U: SuperUser] [S: ] [T: localhost-startStop-1] Time To Live (sec) of File Transfer in Offline Queue = 86400
2018-01-04 23:02:56.837+0100 [L: INFO] [O: c.t.s.s.f.FileTransferSubsystem] [I: ] [U: SuperUser] [S: ] [T: localhost-startStop-1] FileTransfer Idle Timeout for Edge Controlled Transfers = 600000
2018-01-04 23:02:56.837+0100 [L: INFO] [O: c.t.s.s.f.FileTransferSubsystem] [I: ] [U: SuperUser] [S: ] [T: localhost-startStop-1] Max Concurrent Edge Controlled File Transfers Allowed = 500
2018-01-04 23:02:56.837+0100 [L: INFO] [O: c.t.s.s.f.FileTransferSubsystem] [I: ] [U: SuperUser] [S: ] [T: localhost-startStop-1] Max Concurrent Edge Controlled File Transfers Allowed Per Thing = 2
2018-01-04 23:02:56.837+0100 [L: INFO] [O: c.t.s.s.f.FileTransferSubsystem] [I: ] [U: SuperUser] [S: ] [T: localhost-startStop-1] ----------------------------------------
2018-01-04 23:02:56.837+0100 [L: INFO] [O: c.t.s.ThingWorxServer] [I: ] [U: SuperUser] [S: ] [T: localhost-startStop-1] Starting All Things...
2018-01-04 23:02:56.966+0100 [L: INFO] [O: c.t.s.s.l.LicenseUsageData] [I: ] [U: SuperUser] [S: ] [T: pool-7-thread-1] Added license usage data with UsageID: 25 to table successfully!
2018-01-04 23:02:56.969+0100 [L: INFO] [O: c.t.s.ThingWorxServer] [I: ] [U: SuperUser] [S: ] [T: localhost-startStop-1] Activating Property Bindings...
2018-01-04 23:02:56.970+0100 [L: INFO] [O: c.t.s.ThingWorxServer] [I: ] [U: SuperUser] [S: ] [T: localhost-startStop-1] Initializing Property Binding relationships...
2018-01-04 23:02:56.971+0100 [L: INFO] [O: c.t.s.ThingWorxServer] [I: ] [U: SuperUser] [S: ] [T: localhost-startStop-1] Sending Post Start Notifications...
2018-01-04 23:02:56.983+0100 [L: INFO] [O: c.t.s.ThingWorxServer] [I: ] [U: SuperUser] [S: ] [T: localhost-startStop-1] Thingworx Server Application...ON
2018-01-04 23:02:57.301+0100 [L: INFO] [O: c.t.s.ThingWorxBootstrapper] [I: ] [U: SuperUser] [S: ] [T: localhost-startStop-1] Datastore database...INITIALIZED
2018-01-04 23:03:52.150+0100 [L: WARN] [O: c.t.p.c.LicenseMonitor] [I: ] [U: SuperUser] [S: ] [T: localhost-startStop-2] Stopping [LicenseMonitor].
2018-01-04 23:03:52.177+0100 [L: INFO] [O: c.t.s.ThingWorxBootstrapper] [I: ] [U: SuperUser] [S: ] [T: localhost-startStop-2] WebApp stopping: 
2018-01-04 23:03:52.178+0100 [L: INFO] [O: c.t.s.ThingWorxBootstrapper] [I: ] [U: SuperUser] [S: ] [T: localhost-startStop-2] ========================================
2018-01-04 23:03:53.182+0100 [L: INFO] [O: c.t.s.ThingWorxBootstrapper] [I: ] [U: SuperUser] [S: ] [T: localhost-startStop-2] Thingworx Server Application...OFF
2018-01-04 23:03:53.183+0100 [L: INFO] [O: c.t.s.ThingWorxBootstrapper] [I: ] [U: SuperUser] [S: ] [T: localhost-startStop-2] Thingworx Server Application...Cleaned up
2018-01-04 23:03:53.190+0100 [L: INFO] [O: c.t.s.ThingWorxBootstrapper] [I: ] [U: SuperUser] [S: ] [T: localhost-startStop-2] WebApp OFF [server = Apache Tomcat/8.0.46]
2018-01-04 23:03:53.234+0100 [L: WARN] [O: c.t.s.ThingWorxBootstrapper] [I: ] [U: SuperUser] [S: ] [T: localhost-startStop-2] Driver org.h2.Driver@3a905e2 deregistered
2018-01-04 23:04:18.937+0100 [L: INFO] [O: c.t.s.ThingWorxBootstrapper] [I: ] [U: SuperUser] [S: ] [T: localhost-startStop-1] ========================================
2018-01-04 23:04:18.941+0100 [L: INFO] [O: c.t.s.ThingWorxBootstrapper] [I: ] [U: SuperUser] [S: ] [T: localhost-startStop-1] ThingWorx Version Information
2018-01-04 23:04:18.941+0100 [L: INFO] [O: c.t.s.ThingWorxBootstrapper] [I: ] [U: SuperUser] [S: ] [T: localhost-startStop-1] ========================================
2018-01-04 23:04:18.955+0100 [L: INFO] [O: c.t.s.ThingWorxBootstrapper] [I: ] [U: SuperUser] [S: ] [T: localhost-startStop-1] majorVersion = 8
2018-01-04 23:04:18.955+0100 [L: INFO] [O: c.t.s.ThingWorxBootstrapper] [I: ] [U: SuperUser] [S: ] [T: localhost-startStop-1] minorVersion = 0
2018-01-04 23:04:18.955+0100 [L: INFO] [O: c.t.s.ThingWorxBootstrapper] [I: ] [U: SuperUser] [S: ] [T: localhost-startStop-1] revision = 0
2018-01-04 23:04:18.955+0100 [L: INFO] [O: c.t.s.ThingWorxBootstrapper] [I: ] [U: SuperUser] [S: ] [T: localhost-startStop-1] build = b11
2018-01-04 23:04:18.985+0100 [L: INFO] [O: c.t.s.ThingWorxBootstrapper] [I: ] [U: SuperUser] [S: ] [T: localhost-startStop-1] schemaVersion = 1000
2018-01-04 23:04:18.987+0100 [L: INFO] [O: c.t.s.ThingWorxBootstrapper] [I: ] [U: SuperUser] [S: ] [T: localhost-startStop-1] ========================================
2018-01-04 23:04:18.987+0100 [L: INFO] [O: c.t.s.ThingWorxBootstrapper] [I: ] [U: SuperUser] [S: ] [T: localhost-startStop-1] ========================================
2018-01-04 23:04:18.988+0100 [L: INFO] [O: c.t.s.ThingWorxBootstrapper] [I: ] [U: SuperUser] [S: ] [T: localhost-startStop-1] ThingWorx System Environment Settings
2018-01-04 23:04:18.988+0100 [L: INFO] [O: c.t.s.ThingWorxBootstrapper] [I: ] [U: SuperUser] [S: ] [T: localhost-startStop-1] ========================================
2018-01-04 23:04:18.988+0100 [L: INFO] [O: c.t.s.ThingWorxBootstrapper] [I: ] [U: SuperUser] [S: ] [T: localhost-startStop-1] OS: Windows 10
2018-01-04 23:04:18.988+0100 [L: INFO] [O: c.t.s.ThingWorxBootstrapper] [I: ] [U: SuperUser] [S: ] [T: localhost-startStop-1] OS arch: amd64
2018-01-04 23:04:18.988+0100 [L: INFO] [O: c.t.s.ThingWorxBootstrapper] [I: ] [U: SuperUser] [S: ] [T: localhost-startStop-1] OS version: 10.0
2018-01-04 23:04:18.998+0100 [L: INFO] [O: c.t.s.ThingWorxBootstrapper] [I: ] [U: SuperUser] [S: ] [T: localhost-startStop-1] Total Processors: 4
2018-01-04 23:04:18.998+0100 [L: INFO] [O: c.t.s.ThingWorxBootstrapper] [I: ] [U: SuperUser] [S: ] [T: localhost-startStop-1] Default encoding: UTF-8
2018-01-04 23:04:18.998+0100 [L: INFO] [O: c.t.s.ThingWorxBootstrapper] [I: ] [U: SuperUser] [S: ] [T: localhost-startStop-1] JAVA vendor: Oracle Corporation
2018-01-04 23:04:18.998+0100 [L: INFO] [O: c.t.s.ThingWorxBootstrapper] [I: ] [U: SuperUser] [S: ] [T: localhost-startStop-1] JAVA version: 1.8.0_144
2018-01-04 23:04:18.998+0100 [L: INFO] [O: c.t.s.ThingWorxBootstrapper] [I: ] [U: SuperUser] [S: ] [T: localhost-startStop-1] JAVA install location: C:\Program Files\Java\jre1.8.0_144
2018-01-04 23:04:18.998+0100 [L: INFO] [O: c.t.s.ThingWorxBootstrapper] [I: ] [U: SuperUser] [S: ] [T: localhost-startStop-1] JVM Max Memory: 2024 (MB)
2018-01-04 23:04:18.998+0100 [L: INFO] [O: c.t.s.ThingWorxBootstrapper] [I: ] [U: SuperUser] [S: ] [T: localhost-startStop-1] ========================================
2018-01-04 23:04:18.998+0100 [L: INFO] [O: c.t.s.ThingWorxBootstrapper] [I: ] [U: SuperUser] [S: ] [T: localhost-startStop-1] WebApp starting...
2018-01-04 23:04:20.241+0100 [L: INFO] [O: c.t.s.ThingWorxServer] [I: ] [U: SuperUser] [S: ] [T: localhost-startStop-1] HA mode not enabled. Initializing and starting in standalone mode.
2018-01-04 23:04:20.242+0100 [L: INFO] [O: c.t.s.ThingWorxPersistenceHandler] [I: ] [U: SuperUser] [S: ] [T: localhost-startStop-1] Default Persistence Provider Name = ThingworxPersistenceProvider
2018-01-04 23:04:20.242+0100 [L: INFO] [O: c.t.s.ThingWorxPersistenceHandler] [I: ] [U: SuperUser] [S: ] [T: localhost-startStop-1] Default Persistence Provider Package Name = H2PersistenceProviderPackage
2018-01-04 23:04:21.546+0100 [L: INFO] [O: c.t.s.ThingWorxServer] [I: ] [U: SuperUser] [S: ] [T: localhost-startStop-1] Managers...INITIALIZED
2018-01-04 23:04:21.548+0100 [L: INFO] [O: c.t.s.ThingWorxServer] [I: ] [U: SuperUser] [S: ] [T: localhost-startStop-1] Database initialization started...
2018-01-04 23:04:21.657+0100 [L: INFO] [O: c.t.s.ThingWorxServer] [I: ] [U: SuperUser] [S: ] [T: localhost-startStop-1] System ownership locking started...
2018-01-04 23:04:21.659+0100 [L: INFO] [O: c.t.s.ThingWorxServer] [I: ] [U: SuperUser] [S: ] [T: localhost-startStop-1] System ownership locking complete
2018-01-04 23:04:21.789+0100 [L: INFO] [O: c.t.s.ThingWorxServer] [I: ] [U: SuperUser] [S: ] [T: localhost-startStop-1] Database initialization complete
2018-01-04 23:04:21.856+0100 [L: INFO] [O: c.t.s.ThingWorxServer] [I: ] [U: SuperUser] [S: ] [T: localhost-startStop-1] Subscriptions Store initialized.
2018-01-04 23:04:21.857+0100 [L: INFO] [O: c.t.s.ThingWorxServer] [I: ] [U: SuperUser] [S: ] [T: localhost-startStop-1] Initializing Collections...
2018-01-04 23:04:23.683+0100 [L: WARN] [O: c.t.p.Project] [I: ] [U: SuperUser] [S: ] [T: ForkJoinPool-22-worker-9] The project name of a project cannot be changed. It must be set to itself
2018-01-04 23:04:24.906+0100 [L: INFO] [O: c.t.s.s.s.SCIMSubsystem] [I: ] [U: SuperUser] [S: ] [T: ForkJoinPool-31-worker-9] Non-SSO, SCIMSubsystem can be started.
2018-01-04 23:04:24.907+0100 [L: INFO] [O: c.t.s.s.s.SCIMSubsystem] [I: ] [U: SuperUser] [S: ] [T: ForkJoinPool-31-worker-9] Non-SSO, SCIMSubsystem can be started.
2018-01-04 23:04:25.233+0100 [L: INFO] [O: c.t.s.ThingWorxServer] [I: ] [U: SuperUser] [S: ] [T: localhost-startStop-1] Initializing Scheduler Engine...
2018-01-04 23:04:25.236+0100 [L: INFO] [O: c.t.s.ThingWorxServer] [I: ] [U: SuperUser] [S: ] [T: localhost-startStop-1] Initializing Entities...
2018-01-04 23:04:25.237+0100 [L: INFO] [O: c.t.s.m.BaseManager] [I: ] [U: SuperUser] [S: ] [T: localhost-startStop-1] Initializing ModelTags...
2018-01-04 23:04:25.268+0100 [L: INFO] [O: c.t.s.m.BaseManager] [I: ] [U: SuperUser] [S: ] [T: localhost-startStop-1] Initializing DataTags...
2018-01-04 23:04:25.268+0100 [L: INFO] [O: c.t.s.m.BaseManager] [I: ] [U: SuperUser] [S: ] [T: localhost-startStop-1] Initializing Groups...
2018-01-04 23:04:25.282+0100 [L: INFO] [O: c.t.s.m.BaseManager] [I: ] [U: SuperUser] [S: ] [T: localhost-startStop-1] Initializing Users...
2018-01-04 23:04:25.303+0100 [L: INFO] [O: c.t.s.m.BaseManager] [I: ] [U: SuperUser] [S: ] [T: localhost-startStop-1] Initializing Organizations...
2018-01-04 23:04:25.317+0100 [L: INFO] [O: c.t.s.m.BaseManager] [I: ] [U: SuperUser] [S: ] [T: localhost-startStop-1] Initializing Logs...
2018-01-04 23:04:25.330+0100 [L: INFO] [O: c.t.s.m.BaseManager] [I: ] [U: SuperUser] [S: ] [T: localhost-startStop-1] Initializing DataShapes...
2018-01-04 23:04:25.346+0100 [L: INFO] [O: c.t.s.m.BaseManager] [I: ] [U: SuperUser] [S: ] [T: localhost-startStop-1] Initializing ThingShapes...
2018-01-04 23:04:25.456+0100 [L: INFO] [O: c.t.s.m.BaseManager] [I: ] [U: SuperUser] [S: ] [T: localhost-startStop-1] Initializing ThingPackages...
2018-01-04 23:04:26.298+0100 [L: INFO] [O: c.t.s.m.BaseManager] [I: ] [U: SuperUser] [S: ] [T: localhost-startStop-1] Initializing ThingTemplates...
2018-01-04 23:04:26.327+0100 [L: INFO] [O: c.t.s.m.BaseManager] [I: ] [U: SuperUser] [S: ] [T: localhost-startStop-1] Initializing DataAnalysisDefinitions...
2018-01-04 23:04:26.327+0100 [L: INFO] [O: c.t.s.m.BaseManager] [I: ] [U: SuperUser] [S: ] [T: localhost-startStop-1] Initializing ApplicationKeys...
2018-01-04 23:04:26.327+0100 [L: INFO] [O: c.t.s.m.BaseManager] [I: ] [U: SuperUser] [S: ] [T: localhost-startStop-1] Initializing Dashboards...
2018-01-04 23:04:26.328+0100 [L: INFO] [O: c.t.s.m.BaseManager] [I: ] [U: SuperUser] [S: ] [T: localhost-startStop-1] Initializing LocalizationTables...
2018-01-04 23:04:26.330+0100 [L: INFO] [O: c.t.s.m.BaseManager] [I: ] [U: SuperUser] [S: ] [T: localhost-startStop-1] Initializing StateDefinitions...
2018-01-04 23:04:26.336+0100 [L: INFO] [O: c.t.s.m.BaseManager] [I: ] [U: SuperUser] [S: ] [T: localhost-startStop-1] Initializing StyleDefinitions...
2018-01-04 23:04:26.347+0100 [L: INFO] [O: c.t.s.m.BaseManager] [I: ] [U: SuperUser] [S: ] [T: localhost-startStop-1] Initializing Widgets...
2018-01-04 23:04:26.347+0100 [L: INFO] [O: c.t.s.m.BaseManager] [I: ] [U: SuperUser] [S: ] [T: localhost-startStop-1] Initializing Mashups...
2018-01-04 23:04:26.354+0100 [L: INFO] [O: c.t.s.m.BaseManager] [I: ] [U: SuperUser] [S: ] [T: localhost-startStop-1] Initializing Menus...
2018-01-04 23:04:26.361+0100 [L: INFO] [O: c.t.s.m.BaseManager] [I: ] [U: SuperUser] [S: ] [T: localhost-startStop-1] Initializing MediaEntities...
2018-01-04 23:04:26.373+0100 [L: INFO] [O: c.t.s.m.BaseManager] [I: ] [U: SuperUser] [S: ] [T: localhost-startStop-1] Initializing Projects...
2018-01-04 23:04:26.379+0100 [L: WARN] [O: c.t.e.RootEntity] [I: ] [U: SuperUser] [S: ] [T: ForkJoinPool-1-worker-1] Entity [Smart Flowers] changed its project name from [Smart Flowers] to [Smart Flowers]
2018-01-04 23:04:26.379+0100 [L: INFO] [O: c.t.s.m.BaseManager] [I: ] [U: SuperUser] [S: ] [T: localhost-startStop-1] Initializing Networks...
2018-01-04 23:04:26.379+0100 [L: INFO] [O: c.t.s.m.BaseManager] [I: ] [U: SuperUser] [S: ] [T: localhost-startStop-1] Initializing ExtensionPackages...
2018-01-04 23:04:26.379+0100 [L: INFO] [O: c.t.s.m.BaseManager] [I: ] [U: SuperUser] [S: ] [T: localhost-startStop-1] Initializing Authenticators...
2018-01-04 23:04:26.402+0100 [L: INFO] [O: c.t.s.m.BaseManager] [I: ] [U: SuperUser] [S: ] [T: localhost-startStop-1] Initializing PersistenceProviderPackages...
2018-01-04 23:04:26.402+0100 [L: INFO] [O: c.t.s.m.BaseManager] [I: ] [U: SuperUser] [S: ] [T: localhost-startStop-1] Initializing PersistenceProviders...
2018-01-04 23:04:26.565+0100 [L: INFO] [O: c.t.p.p.PersistenceProvider] [I: ] [U: SuperUser] [S: ] [T: ForkJoinPool-1-worker-1] Connection ThingworxPersistenceProvider, type H2PersistenceProviderPackage started
2018-01-04 23:04:26.574+0100 [L: INFO] [O: c.t.p.p.PersistenceProvider] [I: ] [U: SuperUser] [S: ] [T: ForkJoinPool-1-worker-1] PersistenceProvider - ThingworxPersistenceProvider - Data Processing (ValueStreamEntry) is starting
2018-01-04 23:04:26.578+0100 [L: INFO] [O: c.t.p.p.PersistenceProvider] [I: ] [U: SuperUser] [S: ] [T: ForkJoinPool-1-worker-1] PersistenceProvider - ThingworxPersistenceProvider - Data Processing (ValueStreamEntry) is started
2018-01-04 23:04:26.582+0100 [L: INFO] [O: c.t.p.p.PersistenceProvider] [I: ] [U: SuperUser] [S: ] [T: ForkJoinPool-1-worker-1] PersistenceProvider - ThingworxPersistenceProvider - Data Processing (StreamEntry) is starting
2018-01-04 23:04:26.583+0100 [L: INFO] [O: c.t.p.p.PersistenceProvider] [I: ] [U: SuperUser] [S: ] [T: ForkJoinPool-1-worker-1] PersistenceProvider - ThingworxPersistenceProvider - Data Processing (StreamEntry) is started
2018-01-04 23:04:26.604+0100 [L: INFO] [O: c.t.s.m.BaseManager] [I: ] [U: SuperUser] [S: ] [T: localhost-startStop-1] Initializing DirectoryServices...
2018-01-04 23:04:26.606+0100 [L: INFO] [O: c.t.s.m.BaseManager] [I: ] [U: SuperUser] [S: ] [T: localhost-startStop-1] Initializing Resources...
2018-01-04 23:04:26.717+0100 [L: INFO] [O: c.t.s.m.BaseManager] [I: ] [U: SuperUser] [S: ] [T: localhost-startStop-1] Initializing ScriptFunctionLibraries...
2018-01-04 23:04:26.722+0100 [L: INFO] [O: c.t.s.m.BaseManager] [I: ] [U: SuperUser] [S: ] [T: localhost-startStop-1] Initializing Subsystems...
2018-01-04 23:04:26.739+0100 [L: INFO] [O: c.t.s.s.u.UserManagementSubsystem] [I: ] [U: SuperUser] [S: ] [T: ForkJoinPool-1-worker-2] Initializing User Management Subsystem...
2018-01-04 23:04:26.749+0100 [L: INFO] [O: c.t.s.s.a.AlertProcessingSubsystem] [I: ] [U: SuperUser] [S: ] [T: ForkJoinPool-1-worker-0] Initializing Alert Subsystem...
2018-01-04 23:04:26.767+0100 [L: INFO] [O: c.t.s.s.t.e.TunnelTracker] [I: ] [U: SuperUser] [S: ] [T: ForkJoinPool-1-worker-2] Creating new Tunnel Tracker
2018-01-04 23:04:26.839+0100 [L: INFO] [O: c.t.s.s.m.MessageStoreSubsystem] [I: ] [U: SuperUser] [S: ] [T: ForkJoinPool-1-worker-1] Message Store Async task created [pool size: 10, thread idle timeout: 600000]
2018-01-04 23:04:26.978+0100 [L: INFO] [O: c.t.c.Scheduler] [I: ] [U: SuperUser] [S: ] [T: ForkJoinPool-1-worker-0] Scheduler, job "Import", starting with 2 threads
2018-01-04 23:04:26.978+0100 [L: INFO] [O: c.t.c.Scheduler] [I: ] [U: SuperUser] [S: ] [T: ForkJoinPool-1-worker-0] Scheduler, job "Export", starting with 2 threads
2018-01-04 23:04:26.914+0100 [L: INFO] [O: c.t.s.s.s.SCIMSubsystem] [I: ] [U: SuperUser] [S: ] [T: ForkJoinPool-1-worker-1] Initializing SCIM Identity Management Subsystem...
2018-01-04 23:04:27.044+0100 [L: INFO] [O: c.t.s.m.BaseManager] [I: ] [U: SuperUser] [S: ] [T: localhost-startStop-1] Initializing Things...
2018-01-04 23:04:27.054+0100 [L: INFO] [O: c.t.s.m.BaseManager] [I: ] [U: SuperUser] [S: ] [T: localhost-startStop-1] Initializing NotificationContents...
2018-01-04 23:04:27.055+0100 [L: INFO] [O: c.t.s.m.BaseManager] [I: ] [U: SuperUser] [S: ] [T: localhost-startStop-1] Initializing NotificationDefinitions...
2018-01-04 23:04:27.055+0100 [L: INFO] [O: c.t.s.ThingWorxServer] [I: ] [U: SuperUser] [S: ] [T: localhost-startStop-1] Cleaning up legacy entities...
2018-01-04 23:04:27.055+0100 [L: INFO] [O: c.t.s.ThingWorxServer] [I: ] [U: SuperUser] [S: ] [T: localhost-startStop-1] Checking default permissions...
2018-01-04 23:04:27.079+0100 [L: INFO] [O: c.t.s.ThingWorxServer] [I: ] [U: SuperUser] [S: ] [T: localhost-startStop-1] Initializing Thing Shapes...
2018-01-04 23:04:27.116+0100 [L: INFO] [O: c.t.s.ThingWorxServer] [I: ] [U: SuperUser] [S: ] [T: localhost-startStop-1] Initializing Thing Packages...
2018-01-04 23:04:27.327+0100 [L: INFO] [O: c.t.s.ThingWorxServer] [I: ] [U: SuperUser] [S: ] [T: localhost-startStop-1] Initializing Thing Templates...
2018-01-04 23:04:27.688+0100 [L: INFO] [O: c.t.s.ThingWorxServer] [I: ] [U: SuperUser] [S: ] [T: localhost-startStop-1] Initializing caching...
2018-01-04 23:04:27.718+0100 [L: INFO] [O: c.t.s.ThingWorxServer] [I: ] [U: SuperUser] [S: ] [T: localhost-startStop-1] Initializing Things...
2018-01-04 23:04:27.812+0100 [L: INFO] [O: c.t.s.s.i.SubscriptionStoreInMemoryThreadSafe] [I: ] [U: SuperUser] [S: ] [T: ForkJoinPool-1-worker-2] Subscription was added to the store
2018-01-04 23:04:27.813+0100 [L: INFO] [O: c.t.s.s.i.SubscriptionStoreInMemoryThreadSafe] [I: ] [U: SuperUser] [S: ] [T: ForkJoinPool-1-worker-2] Subscription was added to the store
2018-01-04 23:04:27.930+0100 [L: INFO] [O: c.t.s.s.i.SubscriptionStoreInMemoryThreadSafe] [I: ] [U: SuperUser] [S: ] [T: ForkJoinPool-1-worker-2] Subscription was added to the store
2018-01-04 23:04:27.931+0100 [L: INFO] [O: c.t.s.s.i.SubscriptionStoreInMemoryThreadSafe] [I: ] [U: SuperUser] [S: ] [T: ForkJoinPool-1-worker-2] Subscription was added to the store
2018-01-04 23:04:27.931+0100 [L: INFO] [O: c.t.s.ThingWorxServer] [I: ] [U: SuperUser] [S: ] [T: localhost-startStop-1] Clearing caching...
2018-01-04 23:04:27.934+0100 [L: INFO] [O: c.t.s.ThingWorxServer] [I: ] [U: SuperUser] [S: ] [T: localhost-startStop-1] Initializing Reference Caches...
2018-01-04 23:04:28.004+0100 [L: INFO] [O: c.t.s.ThingWorxServer] [I: ] [U: SuperUser] [S: ] [T: localhost-startStop-1] Starting Scheduler Engine...
2018-01-04 23:04:28.133+0100 [L: INFO] [O: c.t.s.ThingWorxServer] [I: ] [U: SuperUser] [S: ] [T: localhost-startStop-1] ========================================
2018-01-04 23:04:28.133+0100 [L: INFO] [O: c.t.s.ThingWorxServer] [I: ] [U: SuperUser] [S: ] [T: localhost-startStop-1] Starting Platform Subsystems
2018-01-04 23:04:28.133+0100 [L: INFO] [O: c.t.s.ThingWorxServer] [I: ] [U: SuperUser] [S: ] [T: localhost-startStop-1] ========================================
2018-01-04 23:04:28.133+0100 [L: INFO] [O: c.t.s.ThingWorxServer] [I: ] [U: SuperUser] [S: ] [T: localhost-startStop-1] Subsystem ValueStreamProcessingSubsystem is starting
2018-01-04 23:04:28.133+0100 [L: INFO] [O: c.t.s.s.Subsystem] [I: ] [U: SuperUser] [S: ] [T: localhost-startStop-1] Starting Subsystem [ValueStreamProcessingSubsystem]
2018-01-04 23:04:28.134+0100 [L: INFO] [O: c.t.s.ThingWorxServer] [I: ] [U: SuperUser] [S: ] [T: localhost-startStop-1] Subsystem ValueStreamProcessingSubsystem is started
2018-01-04 23:04:28.134+0100 [L: INFO] [O: c.t.s.ThingWorxServer] [I: ] [U: SuperUser] [S: ] [T: localhost-startStop-1] Subsystem WSCommunicationsSubsystem is starting
2018-01-04 23:04:28.134+0100 [L: INFO] [O: c.t.s.s.Subsystem] [I: ] [U: SuperUser] [S: ] [T: localhost-startStop-1] Starting Subsystem [WSCommunicationsSubsystem]
2018-01-04 23:04:28.134+0100 [L: INFO] [O: c.t.c.p.m.DispatchingServerCommunicationModule] [I: ] [U: SuperUser] [S: ] [T: localhost-startStop-1] Registering as EndpointBinding Registry Observer
2018-01-04 23:04:28.136+0100 [L: INFO] [O: c.t.c.c.m.CommunicationModuleBase] [I: ] [U: SuperUser] [S: ] [T: localhost-startStop-1] Started DispatchingServerCommunicationModule [Running: true]
2018-01-04 23:04:28.137+0100 [L: INFO] [O: c.t.s.ThingWorxServer] [I: ] [U: SuperUser] [S: ] [T: localhost-startStop-1] Subsystem WSCommunicationsSubsystem is started
2018-01-04 23:04:28.148+0100 [L: INFO] [O: c.t.s.ThingWorxServer] [I: ] [U: SuperUser] [S: ] [T: localhost-startStop-1] Subsystem UserManagementSubsystem is starting
2018-01-04 23:04:28.149+0100 [L: INFO] [O: c.t.s.s.Subsystem] [I: ] [U: SuperUser] [S: ] [T: localhost-startStop-1] Starting Subsystem [UserManagementSubsystem]
2018-01-04 23:04:28.149+0100 [L: INFO] [O: c.t.s.ThingWorxServer] [I: ] [U: SuperUser] [S: ] [T: localhost-startStop-1] Subsystem UserManagementSubsystem is started
2018-01-04 23:04:28.149+0100 [L: INFO] [O: c.t.s.ThingWorxServer] [I: ] [U: SuperUser] [S: ] [T: localhost-startStop-1] Subsystem TunnelSubsystem is starting
2018-01-04 23:04:28.149+0100 [L: INFO] [O: c.t.s.s.Subsystem] [I: ] [U: SuperUser] [S: ] [T: localhost-startStop-1] Starting Subsystem [TunnelSubsystem]
2018-01-04 23:04:28.149+0100 [L: INFO] [O: c.t.s.ThingWorxServer] [I: ] [U: SuperUser] [S: ] [T: localhost-startStop-1] Subsystem TunnelSubsystem is started
2018-01-04 23:04:28.149+0100 [L: INFO] [O: c.t.s.ThingWorxServer] [I: ] [U: SuperUser] [S: ] [T: localhost-startStop-1] Subsystem MessageStoreSubsystem is starting
2018-01-04 23:04:28.149+0100 [L: INFO] [O: c.t.s.s.Subsystem] [I: ] [U: SuperUser] [S: ] [T: localhost-startStop-1] Starting Subsystem [MessageStoreSubsystem]
2018-01-04 23:04:28.149+0100 [L: INFO] [O: c.t.s.ThingWorxServer] [I: ] [U: SuperUser] [S: ] [T: localhost-startStop-1] Subsystem MessageStoreSubsystem is started
2018-01-04 23:04:28.150+0100 [L: INFO] [O: c.t.s.ThingWorxServer] [I: ] [U: SuperUser] [S: ] [T: localhost-startStop-1] Subsystem LicensingSubsystem is starting
2018-01-04 23:04:28.150+0100 [L: INFO] [O: c.t.s.s.Subsystem] [I: ] [U: SuperUser] [S: ] [T: localhost-startStop-1] Starting Subsystem [LicensingSubsystem]
2018-01-04 23:04:30.776+0100 [L: INFO] [O: c.t.s.s.l.TrialLicenseManager] [I: ] [U: SuperUser] [S: ] [T: localhost-startStop-1] Trial has already been loaded and will expire on 01/27/2018 11:59:00 PM
2018-01-04 23:04:30.837+0100 [L: INFO] [O: c.t.s.s.l.LicenseManager] [I: ] [U: SuperUser] [S: ] [T: localhost-startStop-1] Successfully acquired feature twx_composer, version 8.0, count 2147483647
2018-01-04 23:04:30.861+0100 [L: INFO] [O: c.t.s.s.l.LicenseManager] [I: ] [U: SuperUser] [S: ] [T: localhost-startStop-1] Successfully acquired feature twx_mashup_builder, version 8.0, count 2147483647
2018-01-04 23:04:30.889+0100 [L: INFO] [O: c.t.s.s.l.LicenseManager] [I: ] [U: SuperUser] [S: ] [T: localhost-startStop-1] Successfully acquired feature twx_named_user, version 8.0, count 5
2018-01-04 23:04:30.920+0100 [L: INFO] [O: c.t.s.s.l.LicenseManager] [I: ] [U: SuperUser] [S: ] [T: localhost-startStop-1] Successfully acquired feature twx_things, version 8.0, count 150
2018-01-04 23:04:30.962+0100 [L: INFO] [O: c.t.s.s.l.LicenseManager] [I: ] [U: SuperUser] [S: ] [T: localhost-startStop-1] Successfully acquired feature twx_utilities, version 8.0, count 2147483647
2018-01-04 23:04:30.987+0100 [L: INFO] [O: c.t.s.s.l.LicenseManager] [I: ] [U: SuperUser] [S: ] [T: localhost-startStop-1] Successfully acquired feature twx_utilities_scm, version 8.0, count 10
2018-01-04 23:04:31.015+0100 [L: INFO] [O: c.t.s.s.l.LicenseManager] [I: ] [U: SuperUser] [S: ] [T: localhost-startStop-1] Successfully acquired feature twx_utilities_workflows, version 8.0, count 10
2018-01-04 23:04:31.125+0100 [L: INFO] [O: c.t.s.ThingWorxServer] [I: ] [U: SuperUser] [S: ] [T: localhost-startStop-1] Subsystem LicensingSubsystem is started
2018-01-04 23:04:31.125+0100 [L: INFO] [O: c.t.s.ThingWorxServer] [I: ] [U: SuperUser] [S: ] [T: localhost-startStop-1] Subsystem FederationSubsystem is starting
2018-01-04 23:04:31.125+0100 [L: INFO] [O: c.t.s.s.Subsystem] [I: ] [U: SuperUser] [S: ] [T: localhost-startStop-1] Starting Subsystem [FederationSubsystem]
2018-01-04 23:04:31.126+0100 [L: INFO] [O: c.t.s.ThingWorxServer] [I: ] [U: SuperUser] [S: ] [T: localhost-startStop-1] Subsystem FederationSubsystem is started
2018-01-04 23:04:31.127+0100 [L: INFO] [O: c.t.s.ThingWorxServer] [I: ] [U: SuperUser] [S: ] [T: localhost-startStop-1] Subsystem LoggingSubsystem is starting
2018-01-04 23:04:31.127+0100 [L: INFO] [O: c.t.s.s.Subsystem] [I: ] [U: SuperUser] [S: ] [T: localhost-startStop-1] Starting Subsystem [LoggingSubsystem]
2018-01-04 23:04:31.127+0100 [L: INFO] [O: c.t.s.ThingWorxServer] [I: ] [U: SuperUser] [S: ] [T: localhost-startStop-1] Subsystem LoggingSubsystem is started
2018-01-04 23:04:31.127+0100 [L: INFO] [O: c.t.s.ThingWorxServer] [I: ] [U: SuperUser] [S: ] [T: localhost-startStop-1] Subsystem AlertProcessingSubsystem is starting
2018-01-04 23:04:31.127+0100 [L: INFO] [O: c.t.s.s.Subsystem] [I: ] [U: SuperUser] [S: ] [T: localhost-startStop-1] Starting Subsystem [AlertProcessingSubsystem]
2018-01-04 23:04:31.127+0100 [L: INFO] [O: c.t.s.s.a.AlertProcessingSubsystem] [I: ] [U: SuperUser] [S: ] [T: localhost-startStop-1] Starting Alert Processor...
2018-01-04 23:04:31.127+0100 [L: INFO] [O: c.t.s.ThingWorxServer] [I: ] [U: SuperUser] [S: ] [T: localhost-startStop-1] Subsystem AlertProcessingSubsystem is started
2018-01-04 23:04:31.127+0100 [L: INFO] [O: c.t.s.ThingWorxServer] [I: ] [U: SuperUser] [S: ] [T: localhost-startStop-1] Subsystem ExportImportSubsystem is starting
2018-01-04 23:04:31.127+0100 [L: INFO] [O: c.t.s.s.Subsystem] [I: ] [U: SuperUser] [S: ] [T: localhost-startStop-1] Starting Subsystem [ExportImportSubsystem]
2018-01-04 23:04:31.141+0100 [L: INFO] [O: c.t.s.ThingWorxServer] [I: ] [U: SuperUser] [S: ] [T: localhost-startStop-1] Subsystem ExportImportSubsystem is started
2018-01-04 23:04:31.141+0100 [L: INFO] [O: c.t.s.ThingWorxServer] [I: ] [U: SuperUser] [S: ] [T: localhost-startStop-1] Subsystem IntegrationSubsystem is starting
2018-01-04 23:04:31.141+0100 [L: INFO] [O: c.t.s.s.Subsystem] [I: ] [U: SuperUser] [S: ] [T: localhost-startStop-1] Starting Subsystem [IntegrationSubsystem]
2018-01-04 23:04:31.141+0100 [L: INFO] [O: c.t.s.ThingWorxServer] [I: ] [U: SuperUser] [S: ] [T: localhost-startStop-1] Subsystem IntegrationSubsystem is started
2018-01-04 23:04:31.142+0100 [L: INFO] [O: c.t.s.ThingWorxServer] [I: ] [U: SuperUser] [S: ] [T: localhost-startStop-1] Subsystem PlatformSubsystem is starting
2018-01-04 23:04:31.142+0100 [L: INFO] [O: c.t.s.s.Subsystem] [I: ] [U: SuperUser] [S: ] [T: localhost-startStop-1] Starting Subsystem [PlatformSubsystem]
2018-01-04 23:04:31.145+0100 [L: INFO] [O: c.t.s.ThingWorxServer] [I: ] [U: SuperUser] [S: ] [T: localhost-startStop-1] Subsystem PlatformSubsystem is started
2018-01-04 23:04:31.145+0100 [L: INFO] [O: c.t.s.ThingWorxServer] [I: ] [U: SuperUser] [S: ] [T: localhost-startStop-1] Subsystem EventProcessingSubsystem is starting
2018-01-04 23:04:31.145+0100 [L: INFO] [O: c.t.s.s.Subsystem] [I: ] [U: SuperUser] [S: ] [T: localhost-startStop-1] Starting Subsystem [EventProcessingSubsystem]
2018-01-04 23:04:31.145+0100 [L: INFO] [O: c.t.s.s.e.EventProcessingSubsystem] [I: ] [U: SuperUser] [S: ] [T: localhost-startStop-1] Starting Event Router...
2018-01-04 23:04:31.157+0100 [L: INFO] [O: c.t.s.ThingWorxServer] [I: ] [U: SuperUser] [S: ] [T: localhost-startStop-1] Subsystem EventProcessingSubsystem is started
2018-01-04 23:04:31.159+0100 [L: INFO] [O: c.t.s.ThingWorxServer] [I: ] [U: SuperUser] [S: ] [T: localhost-startStop-1] Subsystem StreamProcessingSubsystem is starting
2018-01-04 23:04:31.159+0100 [L: INFO] [O: c.t.s.s.Subsystem] [I: ] [U: SuperUser] [S: ] [T: localhost-startStop-1] Starting Subsystem [StreamProcessingSubsystem]
2018-01-04 23:04:31.159+0100 [L: INFO] [O: c.t.s.ThingWorxServer] [I: ] [U: SuperUser] [S: ] [T: localhost-startStop-1] Subsystem StreamProcessingSubsystem is started
2018-01-04 23:04:31.159+0100 [L: INFO] [O: c.t.s.ThingWorxServer] [I: ] [U: SuperUser] [S: ] [T: localhost-startStop-1] Subsystem WSExecutionProcessingSubsystem is starting
2018-01-04 23:04:31.160+0100 [L: INFO] [O: c.t.s.s.Subsystem] [I: ] [U: SuperUser] [S: ] [T: localhost-startStop-1] Starting Subsystem [WSExecutionProcessingSubsystem]
2018-01-04 23:04:31.218+0100 [L: INFO] [O: c.t.s.ThingWorxServer] [I: ] [U: SuperUser] [S: ] [T: localhost-startStop-1] Subsystem WSExecutionProcessingSubsystem is started
2018-01-04 23:04:31.218+0100 [L: INFO] [O: c.t.s.ThingWorxServer] [I: ] [U: SuperUser] [S: ] [T: localhost-startStop-1] Subsystem FileTransferSubsystem is starting
2018-01-04 23:04:31.218+0100 [L: INFO] [O: c.t.s.s.Subsystem] [I: ] [U: SuperUser] [S: ] [T: localhost-startStop-1] Starting Subsystem [FileTransferSubsystem]
2018-01-04 23:04:31.224+0100 [L: INFO] [O: c.t.s.s.f.e.TransferTracker] [I: ] [U: SuperUser] [S: ] [T: localhost-startStop-1] Creating new Transfer Tracker
2018-01-04 23:04:31.233+0100 [L: INFO] [O: c.t.s.ThingWorxServer] [I: ] [U: SuperUser] [S: ] [T: localhost-startStop-1] Subsystem FileTransferSubsystem is started
2018-01-04 23:04:31.233+0100 [L: INFO] [O: c.t.s.ThingWorxServer] [I: ] [U: SuperUser] [S: ] [T: localhost-startStop-1] Subsystem SCIMSubsystem autostart is off
2018-01-04 23:04:31.233+0100 [L: INFO] [O: c.t.s.ThingWorxServer] [I: ] [U: SuperUser] [S: ] [T: localhost-startStop-1] ========================================
2018-01-04 23:04:31.233+0100 [L: INFO] [O: c.t.s.s.m.MessageStoreSubsystem] [I: ] [U: SuperUser] [S: ] [T: localhost-startStop-1] MessageStore Subsystem Settings
2018-01-04 23:04:31.233+0100 [L: INFO] [O: c.t.s.s.m.MessageStoreSubsystem] [I: ] [U: SuperUser] [S: ] [T: localhost-startStop-1] ----------------------------------------
2018-01-04 23:04:31.234+0100 [L: INFO] [O: c.t.s.s.m.MessageStoreSubsystem] [I: ] [U: SuperUser] [S: ] [T: localhost-startStop-1] Thread Pool Minimum Size = 10
2018-01-04 23:04:31.234+0100 [L: INFO] [O: c.t.s.s.m.MessageStoreSubsystem] [I: ] [U: SuperUser] [S: ] [T: localhost-startStop-1] Thread Pool Maximum Size = 100
2018-01-04 23:04:31.234+0100 [L: INFO] [O: c.t.s.s.m.MessageStoreSubsystem] [I: ] [U: SuperUser] [S: ] [T: localhost-startStop-1] Max Queue Size = 100
2018-01-04 23:04:31.234+0100 [L: INFO] [O: c.t.s.s.m.MessageStoreSubsystem] [I: ] [U: SuperUser] [S: ] [T: localhost-startStop-1] Max Thread Life = 600000
2018-01-04 23:04:31.234+0100 [L: INFO] [O: c.t.s.s.m.MessageStoreSubsystem] [I: ] [U: SuperUser] [S: ] [T: localhost-startStop-1] Max Message Count = 1000
2018-01-04 23:04:31.234+0100 [L: INFO] [O: c.t.s.s.m.MessageStoreSubsystem] [I: ] [U: SuperUser] [S: ] [T: localhost-startStop-1] ----------------------------------------
2018-01-04 23:04:31.234+0100 [L: INFO] [O: c.t.s.s.w.WSExecutionProcessingSubsystem] [I: ] [U: SuperUser] [S: ] [T: localhost-startStop-1] WSExecutionProcessing Subsystem Settings
2018-01-04 23:04:31.300+0100 [L: INFO] [O: c.t.s.s.l.LicenseUsageData] [I: ] [U: SuperUser] [S: ] [T: pool-7-thread-1] Added license usage data with UsageID: 26 to table successfully!
2018-01-04 23:04:31.836+0100 [L: INFO] [O: c.t.s.s.w.WSExecutionProcessingSubsystem] [I: ] [U: SuperUser] [S: ] [T: localhost-startStop-1] ----------------------------------------
2018-01-04 23:04:31.836+0100 [L: INFO] [O: c.t.s.s.w.WSExecutionProcessingSubsystem] [I: ] [U: SuperUser] [S: ] [T: localhost-startStop-1] Thread Pool Minimum Size = 1000
2018-01-04 23:04:31.836+0100 [L: INFO] [O: c.t.s.s.w.WSExecutionProcessingSubsystem] [I: ] [U: SuperUser] [S: ] [T: localhost-startStop-1] Thread Pool Maximum Size = 10000
2018-01-04 23:04:31.836+0100 [L: INFO] [O: c.t.s.s.w.WSExecutionProcessingSubsystem] [I: ] [U: SuperUser] [S: ] [T: localhost-startStop-1] Max Queue Size = 100000
2018-01-04 23:04:31.836+0100 [L: INFO] [O: c.t.s.s.w.WSExecutionProcessingSubsystem] [I: ] [U: SuperUser] [S: ] [T: localhost-startStop-1] Max Thread Life = 600000
2018-01-04 23:04:31.836+0100 [L: INFO] [O: c.t.s.s.w.WSExecutionProcessingSubsystem] [I: ] [U: SuperUser] [S: ] [T: localhost-startStop-1] ----------------------------------------
2018-01-04 23:04:31.837+0100 [L: INFO] [O: c.t.s.s.f.FileTransferSubsystem] [I: ] [U: SuperUser] [S: ] [T: localhost-startStop-1] FileTransfer Subsystem Settings
2018-01-04 23:04:31.837+0100 [L: INFO] [O: c.t.s.s.f.FileTransferSubsystem] [I: ] [U: SuperUser] [S: ] [T: localhost-startStop-1] ----------------------------------------
2018-01-04 23:04:31.837+0100 [L: INFO] [O: c.t.s.s.f.FileTransferSubsystem] [I: ] [U: SuperUser] [S: ] [T: localhost-startStop-1] Thread Pool Minimum Size = 10
2018-01-04 23:04:31.837+0100 [L: INFO] [O: c.t.s.s.f.FileTransferSubsystem] [I: ] [U: SuperUser] [S: ] [T: localhost-startStop-1] Thread Pool Maximum Size = 10
2018-01-04 23:04:31.837+0100 [L: INFO] [O: c.t.s.s.f.FileTransferSubsystem] [I: ] [U: SuperUser] [S: ] [T: localhost-startStop-1] Max Queue Size = 100
2018-01-04 23:04:31.837+0100 [L: INFO] [O: c.t.s.s.f.FileTransferSubsystem] [I: ] [U: SuperUser] [S: ] [T: localhost-startStop-1] Max Thread Life = 600000
2018-01-04 23:04:31.837+0100 [L: INFO] [O: c.t.s.s.f.FileTransferSubsystem] [I: ] [U: SuperUser] [S: ] [T: localhost-startStop-1] File Transfer Idle Timeout = 30000
2018-01-04 23:04:31.837+0100 [L: INFO] [O: c.t.s.s.f.FileTransferSubsystem] [I: ] [U: SuperUser] [S: ] [T: localhost-startStop-1] Max File Transfer Size = 100000000
2018-01-04 23:04:31.837+0100 [L: INFO] [O: c.t.s.s.f.FileTransferSubsystem] [I: ] [U: SuperUser] [S: ] [T: localhost-startStop-1] Max File Transfers Allowed in Offline Queue = 50000
2018-01-04 23:04:31.847+0100 [L: INFO] [O: c.t.s.s.f.FileTransferSubsystem] [I: ] [U: SuperUser] [S: ] [T: localhost-startStop-1] Max File Transfers Allowed Per Thing in Offline Queue = 10
2018-01-04 23:04:31.847+0100 [L: INFO] [O: c.t.s.s.f.FileTransferSubsystem] [I: ] [U: SuperUser] [S: ] [T: localhost-startStop-1] Time To Live (sec) of File Transfer in Offline Queue = 86400
2018-01-04 23:04:31.847+0100 [L: INFO] [O: c.t.s.s.f.FileTransferSubsystem] [I: ] [U: SuperUser] [S: ] [T: localhost-startStop-1] FileTransfer Idle Timeout for Edge Controlled Transfers = 600000
2018-01-04 23:04:31.847+0100 [L: INFO] [O: c.t.s.s.f.FileTransferSubsystem] [I: ] [U: SuperUser] [S: ] [T: localhost-startStop-1] Max Concurrent Edge Controlled File Transfers Allowed = 500
2018-01-04 23:04:31.847+0100 [L: INFO] [O: c.t.s.s.f.FileTransferSubsystem] [I: ] [U: SuperUser] [S: ] [T: localhost-startStop-1] Max Concurrent Edge Controlled File Transfers Allowed Per Thing = 2
2018-01-04 23:04:31.847+0100 [L: INFO] [O: c.t.s.s.f.FileTransferSubsystem] [I: ] [U: SuperUser] [S: ] [T: localhost-startStop-1] ----------------------------------------
2018-01-04 23:04:31.847+0100 [L: INFO] [O: c.t.s.ThingWorxServer] [I: ] [U: SuperUser] [S: ] [T: localhost-startStop-1] Starting All Things...
2018-01-04 23:04:31.894+0100 [L: INFO] [O: c.t.s.ThingWorxServer] [I: ] [U: SuperUser] [S: ] [T: localhost-startStop-1] Activating Property Bindings...
2018-01-04 23:04:31.895+0100 [L: INFO] [O: c.t.s.ThingWorxServer] [I: ] [U: SuperUser] [S: ] [T: localhost-startStop-1] Initializing Property Binding relationships...
2018-01-04 23:04:31.896+0100 [L: INFO] [O: c.t.s.ThingWorxServer] [I: ] [U: SuperUser] [S: ] [T: localhost-startStop-1] Sending Post Start Notifications...
2018-01-04 23:04:31.908+0100 [L: INFO] [O: c.t.s.ThingWorxServer] [I: ] [U: SuperUser] [S: ] [T: localhost-startStop-1] Thingworx Server Application...ON
2018-01-04 23:04:32.189+0100 [L: INFO] [O: c.t.s.ThingWorxBootstrapper] [I: ] [U: SuperUser] [S: ] [T: localhost-startStop-1] Datastore database...INITIALIZED
2018-01-04 23:05:31.176+0100 [L: WARN] [O: c.t.s.s.p.PlatformSubsystem] [I: ] [U: SuperUser] [S: ] [T: pool-10-thread-1]  Thingworx System Metrics_----------------------------------------------------------------------------_AlertProcessingSubsystem#,         maximumQueueSize= 50000.0, queueSize= 0.0, totalAlertsQueued= 0.0, _EventProcessingSubsystem#,         corePoolSize= 16.0, maxPoolSize= 500.0, curentPoolSize= 0.0, activeThreads= 0.0, queueSize= 0.0, largestPoolSize= 0.0, submitedTaskCount= 0.0, completedTaskCount= 0.0, _FederationSubsystem#,              clientCount= 0.0, publishedCount= 0.0, updateInterval= 100.0, _FileTransferSubsystem#,            corePoolSize= 10.0, maxPoolSize= 10.0, curentPoolSize= 0.0, activeThreads= 0.0, queueSize= 0.0, largestPoolSize= 0.0, submitedTaskCount= 0.0, completedTaskCount= 0.0, _IntegrationSubsystem#,             numberOfConnectors= 0.0, requestCount= 0.0, _LicensingSubsystem#,               twx_composer= 1.0, twx_mashup_builder= 4.0, twx_named_user= 0.0, twx_things= 13.0, twx_utilities= 0.0, twx_utilities_scm= 0.0, twx_utilities_workflows= 0.0, DaysRemaining= 23.0, _MessageStoreSubsystem#,            corePoolSize= 10.0, maxPoolSize= 100.0, curentPoolSize= 0.0, activeThreads= 0.0, queueSize= 0.0, largestPoolSize= 0.0, submitedTaskCount= 0.0, completedTaskCount= 0.0, _PlatformSubsystem#,                eventQueueSize= 0.0, streamQueueSize-ThingworxPersistenceProvider= 0.0, valueStreamQueueSize-ThingworxPersistenceProvider= 0.0, memoryInUse= 4.85439752E8, totalMemoryAllocated= 1.60432128E9, thingCount= 27.0, _StreamProcessingSubsystem#,        maximumWaitTime= 10000.0, sizeThreshold= 1000.0, maximumBlockSize= 2500.0, scanRate= 5.0, maximumQueueSize= 250000.0, queueSize= 0.0, totalWritesQueued= 0.0, totalWritesPerformed= 0.0, numberOfProcessingThreads= 5.0, _TunnelSubsystem#,                  activeTunnelCount= 0.0, totalTunnelCount= 0.0, _UserManagementSubsystem#,          userCount= 2.0, _ValueStreamProcessingSubsystem#,   maximumWaitTime= 10000.0, sizeThreshold= 1000.0, maximumBlockSize= 2500.0, scanRate= 5.0, maximumQueueSize= 500000.0, queueSize= 0.0, totalWritesQueued= 0.0, totalWritesPerformed= 0.0, numberOfProcessingThreads= 5.0, _WSCommunicationsSubsystem#,        activeWebsockets= 0.0, _WSExecutionProcessingSubsystem#,   corePoolSize= 1000.0, maxPoolSize= 10000.0, curentPoolSize= 0.0, activeThreads= 0.0, queueSize= 0.0, largestPoolSize= 0.0, submitedTaskCount= 0.0, completedTaskCount= 0.0, _ThingworxServer#,                  systemRuntime= 0 hours,  memoryInUse = 0,485 GB,  totalMemoryAllocated= 1,604 GB,  activeUsers= 1, BoundConnectedThings= 0, UnBoundConnectedThings= 0_----------------------------------------------------------------------------_
2018-01-04 23:13:39.737+0100 [L: WARN] [O: c.t.t.Thing] [I: ] [U: Administrator] [S: ] [T: http-nio-80-exec-8] Thing [ambient_temperature] has logged properties but does not have a valid value stream assigned
2018-01-04 23:19:09.029+0100 [L: WARN] [O: c.t.t.Thing] [I: ] [U: Administrator] [S: ] [T: http-nio-80-exec-6] Thing [air_humidity] has logged properties but does not have a valid value stream assigned
2018-01-04 23:21:26.801+0100 [L: ERROR] [O: c.t.w.BaseService] [I: ] [U: Administrator] [S: ] [T: http-nio-80-exec-1] [context: com.thingworx.webservices.context.HttpExecutionContext@56f75941][message: Entity Not Found : [ soil_moisture]]
2018-01-04 23:21:26.801+0100 [L: ERROR] [O: c.t.w.BaseService] [I: ] [U: Administrator] [S: ] [T: http-nio-80-exec-9] [context: com.thingworx.webservices.context.HttpExecutionContext@38ba2c23][message: Object With This Name [ soil_moisture] Does Not Exist]
2018-01-04 23:23:18.333+0100 [L: WARN] [O: c.t.t.Thing] [I: ] [U: Administrator] [S: ] [T: http-nio-80-exec-2] Thing [air_humidity_stream] has logged properties but does not have a valid value stream assigned
2018-01-04 23:24:15.289+0100 [L: ERROR] [O: c.t.w.BaseService] [I: ] [U: Administrator] [S: ] [T: http-nio-80-exec-6] [context: com.thingworx.webservices.context.HttpExecutionContext@301e1692][message: Entity Not Found : [ soil_moisture_stream]]
2018-01-04 23:24:15.306+0100 [L: ERROR] [O: c.t.w.BaseService] [I: ] [U: Administrator] [S: ] [T: http-nio-80-exec-9] [context: com.thingworx.webservices.context.HttpExecutionContext@4e8efa72][message: Object With This Name [ soil_moisture_stream] Does Not Exist]
2018-01-04 23:28:34.221+0100 [L: WARN] [O: c.t.t.Thing] [I: ] [U: Administrator] [S: ] [T: http-nio-80-exec-4] Thing [irrigation] has logged properties but does not have a valid value stream assigned
2018-01-04 23:28:42.011+0100 [L: WARN] [O: c.t.t.Thing] [I: ] [U: Administrator] [S: ] [T: http-nio-80-exec-9] Thing [air_humidity_stream] has logged properties but does not have a valid value stream assigned
2018-01-04 23:30:19.261+0100 [L: WARN] [O: c.t.t.Thing] [I: ] [U: Administrator] [S: ] [T: http-nio-80-exec-1] Thing [insolation] has logged properties but does not have a valid value stream assigned
2018-01-04 23:34:33.515+0100 [L: WARN] [O: c.t.t.Thing] [I: ] [U: Administrator] [S: ] [T: http-nio-80-exec-1] Thing [wind] has logged properties but does not have a valid value stream assigned
2018-01-04 23:35:31.148+0100 [L: WARN] [O: c.t.s.s.p.PlatformSubsystem] [I: ] [U: SuperUser] [S: ] [T: pool-10-thread-1]  Thingworx System Metrics_----------------------------------------------------------------------------_AlertProcessingSubsystem#,         maximumQueueSize= 50000.0, queueSize= 0.0, totalAlertsQueued= 0.0, _EventProcessingSubsystem#,         corePoolSize= 16.0, maxPoolSize= 500.0, curentPoolSize= 0.0, activeThreads= 0.0, queueSize= 0.0, largestPoolSize= 0.0, submitedTaskCount= 0.0, completedTaskCount= 0.0, _FederationSubsystem#,              clientCount= 0.0, publishedCount= 0.0, updateInterval= 100.0, _FileTransferSubsystem#,            corePoolSize= 10.0, maxPoolSize= 10.0, curentPoolSize= 0.0, activeThreads= 0.0, queueSize= 0.0, largestPoolSize= 0.0, submitedTaskCount= 0.0, completedTaskCount= 0.0, _IntegrationSubsystem#,             numberOfConnectors= 0.0, requestCount= 0.0, _LicensingSubsystem#,               twx_composer= 1.0, twx_mashup_builder= 4.0, twx_named_user= 0.0, twx_things= 19.0, twx_utilities= 0.0, twx_utilities_scm= 0.0, twx_utilities_workflows= 0.0, DaysRemaining= 23.0, _MessageStoreSubsystem#,            corePoolSize= 10.0, maxPoolSize= 100.0, curentPoolSize= 0.0, activeThreads= 0.0, queueSize= 0.0, largestPoolSize= 0.0, submitedTaskCount= 0.0, completedTaskCount= 0.0, _PlatformSubsystem#,                eventQueueSize= 0.0, streamQueueSize-ThingworxPersistenceProvider= 0.0, valueStreamQueueSize-ThingworxPersistenceProvider= 0.0, memoryInUse= 4.06610296E8, totalMemoryAllocated= 1.60432128E9, thingCount= 39.0, _StreamProcessingSubsystem#,        maximumWaitTime= 10000.0, sizeThreshold= 1000.0, maximumBlockSize= 2500.0, scanRate= 5.0, maximumQueueSize= 250000.0, queueSize= 0.0, totalWritesQueued= 0.0, totalWritesPerformed= 0.0, numberOfProcessingThreads= 5.0, _TunnelSubsystem#,                  activeTunnelCount= 0.0, totalTunnelCount= 0.0, _UserManagementSubsystem#,          userCount= 2.0, _ValueStreamProcessingSubsystem#,   maximumWaitTime= 10000.0, sizeThreshold= 1000.0, maximumBlockSize= 2500.0, scanRate= 5.0, maximumQueueSize= 500000.0, queueSize= 0.0, totalWritesQueued= 0.0, totalWritesPerformed= 0.0, numberOfProcessingThreads= 5.0, _WSCommunicationsSubsystem#,        activeWebsockets= 0.0, _WSExecutionProcessingSubsystem#,   corePoolSize= 1000.0, maxPoolSize= 10000.0, curentPoolSize= 0.0, activeThreads= 0.0, queueSize= 0.0, largestPoolSize= 0.0, submitedTaskCount= 0.0, completedTaskCount= 0.0, _ThingworxServer#,                  systemRuntime= 0 hours,  memoryInUse = 0,407 GB,  totalMemoryAllocated= 1,604 GB,  activeUsers= 1, BoundConnectedThings= 0, UnBoundConnectedThings= 0_----------------------------------------------------------------------------_
2018-01-04 23:54:36.836+0100 [L: WARN] [O: c.t.c.ExportAll] [I: ] [U: SuperUser] [S: ] [T: Thread-39] Export Database Started at 2018-01-04 23:54:36
2018-01-04 23:55:19.303+0100 [L: WARN] [O: c.t.c.Scheduler] [I: ] [U: SuperUser] [S: ] [T: Thread-39] Export all data completed in 40651ms
2018-01-04 23:55:19.303+0100 [L: WARN] [O: c.t.c.ExportAll] [I: ] [U: SuperUser] [S: ] [T: Thread-39] Export Database Completed at 2018-01-04 23:55:19
