2018-01-04 23:07:36.685+0100 [L: INFO] [O: Import] [I: BEGIN_BLOCK_CHANGE] [U: Administrator] [S: ] [T: http-nio-80-exec-6] action = BEGIN_BLOCK_CHANGE 
2018-01-04 23:07:36.720+0100 [L: INFO] [O: Thing] [I: ambient_temperature] [U: Administrator] [S: ] [T: http-nio-80-exec-6] action = CREATE, reason = header : name : updated, thingTemplate : updated, projectName : updated, tags : updated_ 
2018-01-04 23:07:36.737+0100 [L: INFO] [O: Import] [I: END_BLOCK_CHANGE] [U: Administrator] [S: ] [T: http-nio-80-exec-6] action = END_BLOCK_CHANGE 
2018-01-04 23:13:39.739+0100 [L: INFO] [O: Import] [I: BEGIN_BLOCK_CHANGE] [U: Administrator] [S: ] [T: http-nio-80-exec-8] action = BEGIN_BLOCK_CHANGE 
2018-01-04 23:13:39.749+0100 [L: INFO] [O: Thing] [I: ambient_temperature] [U: Administrator] [S: ] [T: http-nio-80-exec-8] action = MODIFY, reason = properties : temp_value : Added, id : Added_ 
2018-01-04 23:13:39.751+0100 [L: INFO] [O: Import] [I: END_BLOCK_CHANGE] [U: Administrator] [S: ] [T: http-nio-80-exec-8] action = END_BLOCK_CHANGE 
2018-01-04 23:15:04.324+0100 [L: INFO] [O: Import] [I: BEGIN_BLOCK_CHANGE] [U: Administrator] [S: ] [T: http-nio-80-exec-7] action = BEGIN_BLOCK_CHANGE 
2018-01-04 23:15:04.324+0100 [L: INFO] [O: Thing] [I: ambient_temp_stream] [U: Administrator] [S: ] [T: http-nio-80-exec-7] action = CREATE, reason = header : name : updated_configuration : persistenceProvider : updated_ 
2018-01-04 23:15:04.344+0100 [L: INFO] [O: Import] [I: END_BLOCK_CHANGE] [U: Administrator] [S: ] [T: http-nio-80-exec-7] action = END_BLOCK_CHANGE 
2018-01-04 23:15:34.685+0100 [L: INFO] [O: Import] [I: BEGIN_BLOCK_CHANGE] [U: Administrator] [S: ] [T: http-nio-80-exec-8] action = BEGIN_BLOCK_CHANGE 
2018-01-04 23:15:34.685+0100 [L: INFO] [O: Thing] [I: ambient_temperature] [U: Administrator] [S: ] [T: http-nio-80-exec-8] action = MODIFY, reason = header : valueStream : updated_ 
2018-01-04 23:15:34.685+0100 [L: INFO] [O: Import] [I: END_BLOCK_CHANGE] [U: Administrator] [S: ] [T: http-nio-80-exec-8] action = END_BLOCK_CHANGE 
2018-01-04 23:18:20.585+0100 [L: INFO] [O: Import] [I: BEGIN_BLOCK_CHANGE] [U: Administrator] [S: ] [T: http-nio-80-exec-1] action = BEGIN_BLOCK_CHANGE 
2018-01-04 23:18:20.585+0100 [L: INFO] [O: Thing] [I: air_humidity] [U: Administrator] [S: ] [T: http-nio-80-exec-1] action = CREATE, reason = header : name : updated, projectName : updated, tags : updated, thingTemplate : updated_ 
2018-01-04 23:18:20.585+0100 [L: INFO] [O: Import] [I: END_BLOCK_CHANGE] [U: Administrator] [S: ] [T: http-nio-80-exec-1] action = END_BLOCK_CHANGE 
2018-01-04 23:19:09.030+0100 [L: INFO] [O: Import] [I: BEGIN_BLOCK_CHANGE] [U: Administrator] [S: ] [T: http-nio-80-exec-6] action = BEGIN_BLOCK_CHANGE 
2018-01-04 23:19:09.077+0100 [L: INFO] [O: Thing] [I: air_humidity] [U: Administrator] [S: ] [T: http-nio-80-exec-6] action = MODIFY, reason = properties : value_humidity : Added, id : Added_ 
2018-01-04 23:19:09.077+0100 [L: INFO] [O: Import] [I: END_BLOCK_CHANGE] [U: Administrator] [S: ] [T: http-nio-80-exec-6] action = END_BLOCK_CHANGE 
2018-01-04 23:20:17.151+0100 [L: INFO] [O: Import] [I: BEGIN_BLOCK_CHANGE] [U: Administrator] [S: ] [T: http-nio-80-exec-7] action = BEGIN_BLOCK_CHANGE 
2018-01-04 23:20:17.152+0100 [L: INFO] [O: Thing] [I: air_humidity_stream] [U: Administrator] [S: ] [T: http-nio-80-exec-7] action = CREATE, reason = header : name : updated, projectName : updated, tags : updated_configuration : persistenceProvider : updated_ 
2018-01-04 23:20:17.152+0100 [L: INFO] [O: Import] [I: END_BLOCK_CHANGE] [U: Administrator] [S: ] [T: http-nio-80-exec-7] action = END_BLOCK_CHANGE 
2018-01-04 23:20:32.782+0100 [L: INFO] [O: Import] [I: BEGIN_BLOCK_CHANGE] [U: Administrator] [S: ] [T: http-nio-80-exec-6] action = BEGIN_BLOCK_CHANGE 
2018-01-04 23:20:32.783+0100 [L: INFO] [O: Thing] [I: air_humidity] [U: Administrator] [S: ] [T: http-nio-80-exec-6] action = MODIFY, reason = header : valueStream : updated_ 
2018-01-04 23:20:32.783+0100 [L: INFO] [O: Import] [I: END_BLOCK_CHANGE] [U: Administrator] [S: ] [T: http-nio-80-exec-6] action = END_BLOCK_CHANGE 
2018-01-04 23:20:35.224+0100 [L: INFO] [O: Import] [I: BEGIN_BLOCK_CHANGE] [U: Administrator] [S: ] [T: http-nio-80-exec-2] action = BEGIN_BLOCK_CHANGE 
2018-01-04 23:20:35.224+0100 [L: INFO] [O: Thing] [I: air_humidity] [U: Administrator] [S: ] [T: http-nio-80-exec-2] action = MODIFY 
2018-01-04 23:20:35.224+0100 [L: INFO] [O: Import] [I: END_BLOCK_CHANGE] [U: Administrator] [S: ] [T: http-nio-80-exec-2] action = END_BLOCK_CHANGE 
2018-01-04 23:21:26.712+0100 [L: INFO] [O: Import] [I: BEGIN_BLOCK_CHANGE] [U: Administrator] [S: ] [T: http-nio-80-exec-6] action = BEGIN_BLOCK_CHANGE 
2018-01-04 23:21:26.712+0100 [L: INFO] [O: Thing] [I: soil_moisture] [U: Administrator] [S: ] [T: http-nio-80-exec-6] action = CREATE, reason = header : name : updated, projectName : updated, tags : updated, thingTemplate : updated_ 
2018-01-04 23:21:26.712+0100 [L: INFO] [O: Import] [I: END_BLOCK_CHANGE] [U: Administrator] [S: ] [T: http-nio-80-exec-6] action = END_BLOCK_CHANGE 
2018-01-04 23:23:18.334+0100 [L: INFO] [O: Import] [I: BEGIN_BLOCK_CHANGE] [U: Administrator] [S: ] [T: http-nio-80-exec-2] action = BEGIN_BLOCK_CHANGE 
2018-01-04 23:23:18.335+0100 [L: INFO] [O: Thing] [I: air_humidity_stream] [U: Administrator] [S: ] [T: http-nio-80-exec-2] action = MODIFY, reason = properties : value_soil_moisture : Added, id : Added_ 
2018-01-04 23:23:18.347+0100 [L: INFO] [O: Import] [I: END_BLOCK_CHANGE] [U: Administrator] [S: ] [T: http-nio-80-exec-2] action = END_BLOCK_CHANGE 
2018-01-04 23:24:15.227+0100 [L: INFO] [O: Import] [I: BEGIN_BLOCK_CHANGE] [U: Administrator] [S: ] [T: http-nio-80-exec-8] action = BEGIN_BLOCK_CHANGE 
2018-01-04 23:24:15.228+0100 [L: INFO] [O: Thing] [I: soil_moisture_stream] [U: Administrator] [S: ] [T: http-nio-80-exec-8] action = CREATE, reason = header : name : updated, projectName : updated, tags : updated_configuration : persistenceProvider : updated_ 
2018-01-04 23:24:15.228+0100 [L: INFO] [O: Import] [I: END_BLOCK_CHANGE] [U: Administrator] [S: ] [T: http-nio-80-exec-8] action = END_BLOCK_CHANGE 
2018-01-04 23:25:04.053+0100 [L: INFO] [O: Import] [I: BEGIN_BLOCK_CHANGE] [U: Administrator] [S: ] [T: http-nio-80-exec-10] action = BEGIN_BLOCK_CHANGE 
2018-01-04 23:25:04.053+0100 [L: INFO] [O: Thing] [I: soil_moisture] [U: Administrator] [S: ] [T: http-nio-80-exec-10] action = MODIFY, reason = header : valueStream : updated_ 
2018-01-04 23:25:04.053+0100 [L: INFO] [O: Import] [I: END_BLOCK_CHANGE] [U: Administrator] [S: ] [T: http-nio-80-exec-10] action = END_BLOCK_CHANGE 
2018-01-04 23:25:14.219+0100 [L: INFO] [O: Import] [I: BEGIN_BLOCK_CHANGE] [U: Administrator] [S: ] [T: http-nio-80-exec-3] action = BEGIN_BLOCK_CHANGE 
2018-01-04 23:25:14.219+0100 [L: INFO] [O: Thing] [I: soil_moisture] [U: Administrator] [S: ] [T: http-nio-80-exec-3] action = MODIFY 
2018-01-04 23:25:14.219+0100 [L: INFO] [O: Import] [I: END_BLOCK_CHANGE] [U: Administrator] [S: ] [T: http-nio-80-exec-3] action = END_BLOCK_CHANGE 
2018-01-04 23:25:47.992+0100 [L: INFO] [O: Import] [I: BEGIN_BLOCK_CHANGE] [U: Administrator] [S: ] [T: http-nio-80-exec-2] action = BEGIN_BLOCK_CHANGE 
2018-01-04 23:25:47.993+0100 [L: INFO] [O: Thing] [I: irrigation] [U: Administrator] [S: ] [T: http-nio-80-exec-2] action = CREATE, reason = header : name : updated, projectName : updated, tags : updated, thingTemplate : updated_ 
2018-01-04 23:25:47.993+0100 [L: INFO] [O: Import] [I: END_BLOCK_CHANGE] [U: Administrator] [S: ] [T: http-nio-80-exec-2] action = END_BLOCK_CHANGE 
2018-01-04 23:28:34.222+0100 [L: INFO] [O: Import] [I: BEGIN_BLOCK_CHANGE] [U: Administrator] [S: ] [T: http-nio-80-exec-4] action = BEGIN_BLOCK_CHANGE 
2018-01-04 23:28:34.222+0100 [L: INFO] [O: Thing] [I: irrigation] [U: Administrator] [S: ] [T: http-nio-80-exec-4] action = MODIFY, reason = properties : value_irrigation : Added_ 
2018-01-04 23:28:34.222+0100 [L: INFO] [O: Import] [I: END_BLOCK_CHANGE] [U: Administrator] [S: ] [T: http-nio-80-exec-4] action = END_BLOCK_CHANGE 
2018-01-04 23:28:42.012+0100 [L: INFO] [O: Import] [I: BEGIN_BLOCK_CHANGE] [U: Administrator] [S: ] [T: http-nio-80-exec-9] action = BEGIN_BLOCK_CHANGE 
2018-01-04 23:28:42.013+0100 [L: INFO] [O: Thing] [I: air_humidity_stream] [U: Administrator] [S: ] [T: http-nio-80-exec-9] action = MODIFY 
2018-01-04 23:28:42.013+0100 [L: INFO] [O: Import] [I: END_BLOCK_CHANGE] [U: Administrator] [S: ] [T: http-nio-80-exec-9] action = END_BLOCK_CHANGE 
2018-01-04 23:29:14.131+0100 [L: INFO] [O: Import] [I: BEGIN_BLOCK_CHANGE] [U: Administrator] [S: ] [T: http-nio-80-exec-5] action = BEGIN_BLOCK_CHANGE 
2018-01-04 23:29:14.132+0100 [L: INFO] [O: Thing] [I: irrigation_stream] [U: Administrator] [S: ] [T: http-nio-80-exec-5] action = CREATE, reason = header : name : updated, projectName : updated, tags : updated_configuration : persistenceProvider : updated_ 
2018-01-04 23:29:14.132+0100 [L: INFO] [O: Import] [I: END_BLOCK_CHANGE] [U: Administrator] [S: ] [T: http-nio-80-exec-5] action = END_BLOCK_CHANGE 
2018-01-04 23:29:27.783+0100 [L: INFO] [O: Import] [I: BEGIN_BLOCK_CHANGE] [U: Administrator] [S: ] [T: http-nio-80-exec-9] action = BEGIN_BLOCK_CHANGE 
2018-01-04 23:29:27.784+0100 [L: INFO] [O: Thing] [I: irrigation] [U: Administrator] [S: ] [T: http-nio-80-exec-9] action = MODIFY, reason = header : valueStream : updated_ 
2018-01-04 23:29:27.784+0100 [L: INFO] [O: Import] [I: END_BLOCK_CHANGE] [U: Administrator] [S: ] [T: http-nio-80-exec-9] action = END_BLOCK_CHANGE 
2018-01-04 23:30:06.986+0100 [L: INFO] [O: Import] [I: BEGIN_BLOCK_CHANGE] [U: Administrator] [S: ] [T: http-nio-80-exec-4] action = BEGIN_BLOCK_CHANGE 
2018-01-04 23:30:06.986+0100 [L: INFO] [O: Thing] [I: insolation] [U: Administrator] [S: ] [T: http-nio-80-exec-4] action = CREATE, reason = header : name : updated, projectName : updated, tags : updated, thingTemplate : updated_ 
2018-01-04 23:30:06.986+0100 [L: INFO] [O: Import] [I: END_BLOCK_CHANGE] [U: Administrator] [S: ] [T: http-nio-80-exec-4] action = END_BLOCK_CHANGE 
2018-01-04 23:30:19.262+0100 [L: INFO] [O: Import] [I: BEGIN_BLOCK_CHANGE] [U: Administrator] [S: ] [T: http-nio-80-exec-1] action = BEGIN_BLOCK_CHANGE 
2018-01-04 23:30:19.262+0100 [L: INFO] [O: Thing] [I: insolation] [U: Administrator] [S: ] [T: http-nio-80-exec-1] action = MODIFY, reason = properties : value_insolation : Added_ 
2018-01-04 23:30:19.262+0100 [L: INFO] [O: Import] [I: END_BLOCK_CHANGE] [U: Administrator] [S: ] [T: http-nio-80-exec-1] action = END_BLOCK_CHANGE 
2018-01-04 23:30:41.978+0100 [L: INFO] [O: Import] [I: BEGIN_BLOCK_CHANGE] [U: Administrator] [S: ] [T: http-nio-80-exec-7] action = BEGIN_BLOCK_CHANGE 
2018-01-04 23:30:42.006+0100 [L: INFO] [O: Thing] [I: insolation_stream] [U: Administrator] [S: ] [T: http-nio-80-exec-7] action = CREATE, reason = header : name : updated, projectName : updated, tags : updated_configuration : persistenceProvider : updated_ 
2018-01-04 23:30:42.007+0100 [L: INFO] [O: Import] [I: END_BLOCK_CHANGE] [U: Administrator] [S: ] [T: http-nio-80-exec-7] action = END_BLOCK_CHANGE 
2018-01-04 23:30:52.677+0100 [L: INFO] [O: Import] [I: BEGIN_BLOCK_CHANGE] [U: Administrator] [S: ] [T: http-nio-80-exec-1] action = BEGIN_BLOCK_CHANGE 
2018-01-04 23:30:52.677+0100 [L: INFO] [O: Thing] [I: insolation] [U: Administrator] [S: ] [T: http-nio-80-exec-1] action = MODIFY, reason = header : valueStream : updated_ 
2018-01-04 23:30:52.678+0100 [L: INFO] [O: Import] [I: END_BLOCK_CHANGE] [U: Administrator] [S: ] [T: http-nio-80-exec-1] action = END_BLOCK_CHANGE 
2018-01-04 23:33:10.391+0100 [L: INFO] [O: Import] [I: BEGIN_BLOCK_CHANGE] [U: Administrator] [S: ] [T: http-nio-80-exec-9] action = BEGIN_BLOCK_CHANGE 
2018-01-04 23:33:10.392+0100 [L: INFO] [O: Thing] [I: wind] [U: Administrator] [S: ] [T: http-nio-80-exec-9] action = CREATE, reason = header : name : updated, projectName : updated, tags : updated_configuration : persistenceProvider : updated_ 
2018-01-04 23:33:10.392+0100 [L: INFO] [O: Import] [I: END_BLOCK_CHANGE] [U: Administrator] [S: ] [T: http-nio-80-exec-9] action = END_BLOCK_CHANGE 
2018-01-04 23:33:31.804+0100 [L: INFO] [O: Thing] [I: wind] [U: Administrator] [S: ] [T: http-nio-80-exec-3] action = DELETE 
2018-01-04 23:33:56.777+0100 [L: INFO] [O: Import] [I: BEGIN_BLOCK_CHANGE] [U: Administrator] [S: ] [T: http-nio-80-exec-1] action = BEGIN_BLOCK_CHANGE 
2018-01-04 23:33:56.777+0100 [L: INFO] [O: Thing] [I: wind] [U: Administrator] [S: ] [T: http-nio-80-exec-1] action = CREATE, reason = header : name : updated, projectName : updated, tags : updated, thingTemplate : updated_ 
2018-01-04 23:33:56.777+0100 [L: INFO] [O: Import] [I: END_BLOCK_CHANGE] [U: Administrator] [S: ] [T: http-nio-80-exec-1] action = END_BLOCK_CHANGE 
2018-01-04 23:34:33.515+0100 [L: INFO] [O: Import] [I: BEGIN_BLOCK_CHANGE] [U: Administrator] [S: ] [T: http-nio-80-exec-1] action = BEGIN_BLOCK_CHANGE 
2018-01-04 23:34:33.516+0100 [L: INFO] [O: Thing] [I: wind] [U: Administrator] [S: ] [T: http-nio-80-exec-1] action = MODIFY, reason = properties : value_wind : Added, value_direction : Added_ 
2018-01-04 23:34:33.516+0100 [L: INFO] [O: Import] [I: END_BLOCK_CHANGE] [U: Administrator] [S: ] [T: http-nio-80-exec-1] action = END_BLOCK_CHANGE 
2018-01-04 23:35:14.819+0100 [L: INFO] [O: Import] [I: BEGIN_BLOCK_CHANGE] [U: Administrator] [S: ] [T: http-nio-80-exec-4] action = BEGIN_BLOCK_CHANGE 
2018-01-04 23:35:14.830+0100 [L: INFO] [O: Thing] [I: wind_stream] [U: Administrator] [S: ] [T: http-nio-80-exec-4] action = CREATE, reason = header : name : updated, projectName : updated, tags : updated_configuration : persistenceProvider : updated_ 
2018-01-04 23:35:14.830+0100 [L: INFO] [O: Import] [I: END_BLOCK_CHANGE] [U: Administrator] [S: ] [T: http-nio-80-exec-4] action = END_BLOCK_CHANGE 
2018-01-04 23:35:22.868+0100 [L: INFO] [O: Import] [I: BEGIN_BLOCK_CHANGE] [U: Administrator] [S: ] [T: http-nio-80-exec-1] action = BEGIN_BLOCK_CHANGE 
2018-01-04 23:35:22.868+0100 [L: INFO] [O: Thing] [I: wind] [U: Administrator] [S: ] [T: http-nio-80-exec-1] action = MODIFY, reason = header : valueStream : updated_ 
2018-01-04 23:35:22.869+0100 [L: INFO] [O: Import] [I: END_BLOCK_CHANGE] [U: Administrator] [S: ] [T: http-nio-80-exec-1] action = END_BLOCK_CHANGE 
2018-01-04 23:42:49.470+0100 [L: INFO] [O: Import] [I: BEGIN_BLOCK_CHANGE] [U: Administrator] [S: ] [T: http-nio-80-exec-9] action = BEGIN_BLOCK_CHANGE 
2018-01-04 23:42:49.471+0100 [L: INFO] [O: Thing] [I: insolation] [U: Administrator] [S: ] [T: http-nio-80-exec-9] action = MODIFY 
2018-01-04 23:42:49.471+0100 [L: INFO] [O: Import] [I: END_BLOCK_CHANGE] [U: Administrator] [S: ] [T: http-nio-80-exec-9] action = END_BLOCK_CHANGE 
